
*** Running vivado
    with args -log Nanoprocessor.vds -m64 -product Vivado -mode batch -messageDb vivado.pb -notrace -source Nanoprocessor.tcl


****** Vivado v2018.2 (64-bit)
  **** SW Build 2258646 on Thu Jun 14 20:03:12 MDT 2018
  **** IP Build 2256618 on Thu Jun 14 22:10:49 MDT 2018
    ** Copyright 1986-2018 Xilinx, Inc. All Rights Reserved.

source Nanoprocessor.tcl -notrace
Command: synth_design -top Nanoprocessor -part xc7a35tcpg236-1
Starting synth_design
Attempting to get a license for feature 'Synthesis' and/or device 'xc7a35t'
INFO: [Common 17-349] Got license for feature 'Synthesis' and/or device 'xc7a35t'
INFO: Launching helper process for spawning children vivado processes
INFO: Helper process launched with PID 7184 
---------------------------------------------------------------------------------
Starting RTL Elaboration : Time (s): cpu = 00:00:02 ; elapsed = 00:00:02 . Memory (MB): peak = 381.559 ; gain = 96.797
---------------------------------------------------------------------------------
INFO: [Synth 8-638] synthesizing module 'Nanoprocessor' [E:/Projects/Lab10/Lab10.srcs/sources_1/new/Nanoprocessor.vhd:47]
INFO: [Synth 8-3491] module 'Slow_Clk' declared at 'E:/Projects/Lab10/Lab10.srcs/sources_1/imports/new/Slow_Clk.vhd:34' bound to instance 'Slow_Clock' of component 'Slow_Clk' [E:/Projects/Lab10/Lab10.srcs/sources_1/new/Nanoprocessor.vhd:172]
INFO: [Synth 8-638] synthesizing module 'Slow_Clk' [E:/Projects/Lab10/Lab10.srcs/sources_1/imports/new/Slow_Clk.vhd:39]
INFO: [Synth 8-256] done synthesizing module 'Slow_Clk' (1#1) [E:/Projects/Lab10/Lab10.srcs/sources_1/imports/new/Slow_Clk.vhd:39]
INFO: [Synth 8-3491] module 'Inst_Decoder' declared at 'E:/Projects/Lab10/Lab10.srcs/sources_1/new/Inst_Decoder.vhd:34' bound to instance 'I_Decoder' of component 'Inst_Decoder' [E:/Projects/Lab10/Lab10.srcs/sources_1/new/Nanoprocessor.vhd:179]
INFO: [Synth 8-638] synthesizing module 'Inst_Decoder' [E:/Projects/Lab10/Lab10.srcs/sources_1/new/Inst_Decoder.vhd:48]
INFO: [Synth 8-3491] module 'Inst_Reg' declared at 'E:/Projects/Lab10/Lab10.srcs/sources_1/new/Inst_Reg.vhd:34' bound to instance 'Inst_Reg_12' of component 'Inst_Reg' [E:/Projects/Lab10/Lab10.srcs/sources_1/new/Inst_Decoder.vhd:59]
INFO: [Synth 8-638] synthesizing module 'Inst_Reg' [E:/Projects/Lab10/Lab10.srcs/sources_1/new/Inst_Reg.vhd:41]
INFO: [Synth 8-256] done synthesizing module 'Inst_Reg' (2#1) [E:/Projects/Lab10/Lab10.srcs/sources_1/new/Inst_Reg.vhd:41]
INFO: [Synth 8-256] done synthesizing module 'Inst_Decoder' (3#1) [E:/Projects/Lab10/Lab10.srcs/sources_1/new/Inst_Decoder.vhd:48]
INFO: [Synth 8-3491] module 'Program_Rom' declared at 'E:/Projects/Lab10/Lab10.srcs/sources_1/new/Program_Rom.vhd:34' bound to instance 'Pro_Rom' of component 'Program_Rom' [E:/Projects/Lab10/Lab10.srcs/sources_1/new/Nanoprocessor.vhd:195]
INFO: [Synth 8-638] synthesizing module 'Program_Rom' [E:/Projects/Lab10/Lab10.srcs/sources_1/new/Program_Rom.vhd:39]
INFO: [Synth 8-256] done synthesizing module 'Program_Rom' (4#1) [E:/Projects/Lab10/Lab10.srcs/sources_1/new/Program_Rom.vhd:39]
INFO: [Synth 8-3491] module 'PC' declared at 'E:/Projects/Lab10/Lab10.srcs/sources_1/new/PC.vhd:34' bound to instance 'Pro_Counter' of component 'PC' [E:/Projects/Lab10/Lab10.srcs/sources_1/new/Nanoprocessor.vhd:202]
INFO: [Synth 8-638] synthesizing module 'PC' [E:/Projects/Lab10/Lab10.srcs/sources_1/new/PC.vhd:41]
INFO: [Synth 8-3491] module 'D_FF' declared at 'E:/Projects/Lab10/Lab10.srcs/sources_1/imports/new/D_FF.vhd:34' bound to instance 'D_FF0' of component 'D_FF' [E:/Projects/Lab10/Lab10.srcs/sources_1/new/PC.vhd:52]
INFO: [Synth 8-638] synthesizing module 'D_FF' [E:/Projects/Lab10/Lab10.srcs/sources_1/imports/new/D_FF.vhd:42]
INFO: [Synth 8-256] done synthesizing module 'D_FF' (5#1) [E:/Projects/Lab10/Lab10.srcs/sources_1/imports/new/D_FF.vhd:42]
INFO: [Synth 8-3491] module 'D_FF' declared at 'E:/Projects/Lab10/Lab10.srcs/sources_1/imports/new/D_FF.vhd:34' bound to instance 'D_FF1' of component 'D_FF' [E:/Projects/Lab10/Lab10.srcs/sources_1/new/PC.vhd:60]
INFO: [Synth 8-3491] module 'D_FF' declared at 'E:/Projects/Lab10/Lab10.srcs/sources_1/imports/new/D_FF.vhd:34' bound to instance 'D_FF2' of component 'D_FF' [E:/Projects/Lab10/Lab10.srcs/sources_1/new/PC.vhd:68]
INFO: [Synth 8-256] done synthesizing module 'PC' (6#1) [E:/Projects/Lab10/Lab10.srcs/sources_1/new/PC.vhd:41]
INFO: [Synth 8-3491] module 'Reg_Bank' declared at 'E:/Projects/Lab10/Lab10.srcs/sources_1/new/Reg_Bank.vhd:34' bound to instance 'Register_Bank' of component 'Reg_Bank' [E:/Projects/Lab10/Lab10.srcs/sources_1/new/Nanoprocessor.vhd:211]
INFO: [Synth 8-638] synthesizing module 'Reg_Bank' [E:/Projects/Lab10/Lab10.srcs/sources_1/new/Reg_Bank.vhd:49]
INFO: [Synth 8-3491] module 'Decoder_3_to_8' declared at 'E:/Projects/Lab10/Lab10.srcs/sources_1/imports/Projects/Lab4/Lab4.srcs/sources_1/new/Decoder_3_to_8.vhd:34' bound to instance 'Dec_3_to_8' of component 'Decoder_3_to_8' [E:/Projects/Lab10/Lab10.srcs/sources_1/new/Reg_Bank.vhd:70]
INFO: [Synth 8-638] synthesizing module 'Decoder_3_to_8' [E:/Projects/Lab10/Lab10.srcs/sources_1/imports/Projects/Lab4/Lab4.srcs/sources_1/new/Decoder_3_to_8.vhd:42]
INFO: [Synth 8-3491] module 'Decoder_2_to_4' declared at 'E:/Projects/Lab10/Lab10.srcs/sources_1/imports/new/Decoder_2_to_4.vhd:34' bound to instance 'Decoder_2_to_4_0' of component 'Decoder_2_to_4' [E:/Projects/Lab10/Lab10.srcs/sources_1/imports/Projects/Lab4/Lab4.srcs/sources_1/new/Decoder_3_to_8.vhd:55]
INFO: [Synth 8-638] synthesizing module 'Decoder_2_to_4' [E:/Projects/Lab10/Lab10.srcs/sources_1/imports/new/Decoder_2_to_4.vhd:40]
INFO: [Synth 8-256] done synthesizing module 'Decoder_2_to_4' (7#1) [E:/Projects/Lab10/Lab10.srcs/sources_1/imports/new/Decoder_2_to_4.vhd:40]
INFO: [Synth 8-3491] module 'Decoder_2_to_4' declared at 'E:/Projects/Lab10/Lab10.srcs/sources_1/imports/new/Decoder_2_to_4.vhd:34' bound to instance 'Decoder_2_to_4_1' of component 'Decoder_2_to_4' [E:/Projects/Lab10/Lab10.srcs/sources_1/imports/Projects/Lab4/Lab4.srcs/sources_1/new/Decoder_3_to_8.vhd:62]
INFO: [Synth 8-256] done synthesizing module 'Decoder_3_to_8' (8#1) [E:/Projects/Lab10/Lab10.srcs/sources_1/imports/Projects/Lab4/Lab4.srcs/sources_1/new/Decoder_3_to_8.vhd:42]
INFO: [Synth 8-3491] module 'Reg' declared at 'E:/Projects/Lab10/Lab10.srcs/sources_1/imports/Projects/Lab6/Lab6.srcs/sources_1/new/Reg.vhd:34' bound to instance 'Reg_0' of component 'Reg' [E:/Projects/Lab10/Lab10.srcs/sources_1/new/Reg_Bank.vhd:77]
INFO: [Synth 8-638] synthesizing module 'Reg' [E:/Projects/Lab10/Lab10.srcs/sources_1/imports/Projects/Lab6/Lab6.srcs/sources_1/new/Reg.vhd:42]
INFO: [Synth 8-256] done synthesizing module 'Reg' (9#1) [E:/Projects/Lab10/Lab10.srcs/sources_1/imports/Projects/Lab6/Lab6.srcs/sources_1/new/Reg.vhd:42]
INFO: [Synth 8-3491] module 'Reg' declared at 'E:/Projects/Lab10/Lab10.srcs/sources_1/imports/Projects/Lab6/Lab6.srcs/sources_1/new/Reg.vhd:34' bound to instance 'Reg_1' of component 'Reg' [E:/Projects/Lab10/Lab10.srcs/sources_1/new/Reg_Bank.vhd:86]
INFO: [Synth 8-3491] module 'Reg' declared at 'E:/Projects/Lab10/Lab10.srcs/sources_1/imports/Projects/Lab6/Lab6.srcs/sources_1/new/Reg.vhd:34' bound to instance 'Reg_2' of component 'Reg' [E:/Projects/Lab10/Lab10.srcs/sources_1/new/Reg_Bank.vhd:95]
INFO: [Synth 8-3491] module 'Reg' declared at 'E:/Projects/Lab10/Lab10.srcs/sources_1/imports/Projects/Lab6/Lab6.srcs/sources_1/new/Reg.vhd:34' bound to instance 'Reg_3' of component 'Reg' [E:/Projects/Lab10/Lab10.srcs/sources_1/new/Reg_Bank.vhd:104]
INFO: [Synth 8-3491] module 'Reg' declared at 'E:/Projects/Lab10/Lab10.srcs/sources_1/imports/Projects/Lab6/Lab6.srcs/sources_1/new/Reg.vhd:34' bound to instance 'Reg_4' of component 'Reg' [E:/Projects/Lab10/Lab10.srcs/sources_1/new/Reg_Bank.vhd:113]
INFO: [Synth 8-3491] module 'Reg' declared at 'E:/Projects/Lab10/Lab10.srcs/sources_1/imports/Projects/Lab6/Lab6.srcs/sources_1/new/Reg.vhd:34' bound to instance 'Reg_5' of component 'Reg' [E:/Projects/Lab10/Lab10.srcs/sources_1/new/Reg_Bank.vhd:122]
INFO: [Synth 8-3491] module 'Reg' declared at 'E:/Projects/Lab10/Lab10.srcs/sources_1/imports/Projects/Lab6/Lab6.srcs/sources_1/new/Reg.vhd:34' bound to instance 'Reg_6' of component 'Reg' [E:/Projects/Lab10/Lab10.srcs/sources_1/new/Reg_Bank.vhd:131]
INFO: [Synth 8-3491] module 'Reg' declared at 'E:/Projects/Lab10/Lab10.srcs/sources_1/imports/Projects/Lab6/Lab6.srcs/sources_1/new/Reg.vhd:34' bound to instance 'Reg_7' of component 'Reg' [E:/Projects/Lab10/Lab10.srcs/sources_1/new/Reg_Bank.vhd:140]
INFO: [Synth 8-256] done synthesizing module 'Reg_Bank' (10#1) [E:/Projects/Lab10/Lab10.srcs/sources_1/new/Reg_Bank.vhd:49]
INFO: [Synth 8-3491] module 'Add_Sub_Unit' declared at 'E:/Projects/Lab10/Lab10.srcs/sources_1/new/Add_Sub_Unit.vhd:34' bound to instance 'AS_Unit' of component 'Add_Sub_Unit' [E:/Projects/Lab10/Lab10.srcs/sources_1/new/Nanoprocessor.vhd:228]
INFO: [Synth 8-638] synthesizing module 'Add_Sub_Unit' [E:/Projects/Lab10/Lab10.srcs/sources_1/new/Add_Sub_Unit.vhd:46]
INFO: [Synth 8-3491] module 'RCA' declared at 'E:/Projects/Lab10/Lab10.srcs/sources_1/imports/new/RCA.vhd:34' bound to instance 'RCA_4' of component 'RCA' [E:/Projects/Lab10/Lab10.srcs/sources_1/new/Add_Sub_Unit.vhd:64]
INFO: [Synth 8-638] synthesizing module 'RCA' [E:/Projects/Lab10/Lab10.srcs/sources_1/imports/new/RCA.vhd:42]
INFO: [Synth 8-3491] module 'FA' declared at 'E:/Projects/Lab10/Lab10.srcs/sources_1/imports/new/FA.vhd:34' bound to instance 'FA_0' of component 'FA' [E:/Projects/Lab10/Lab10.srcs/sources_1/imports/new/RCA.vhd:54]
INFO: [Synth 8-638] synthesizing module 'FA' [E:/Projects/Lab10/Lab10.srcs/sources_1/imports/new/FA.vhd:42]
INFO: [Synth 8-3491] module 'HA' declared at 'E:/Projects/Lab10/Lab10.srcs/sources_1/imports/new/HA.vhd:34' bound to instance 'HA_0' of component 'HA' [E:/Projects/Lab10/Lab10.srcs/sources_1/imports/new/FA.vhd:52]
INFO: [Synth 8-638] synthesizing module 'HA' [E:/Projects/Lab10/Lab10.srcs/sources_1/imports/new/HA.vhd:41]
INFO: [Synth 8-256] done synthesizing module 'HA' (11#1) [E:/Projects/Lab10/Lab10.srcs/sources_1/imports/new/HA.vhd:41]
INFO: [Synth 8-3491] module 'HA' declared at 'E:/Projects/Lab10/Lab10.srcs/sources_1/imports/new/HA.vhd:34' bound to instance 'HA_1' of component 'HA' [E:/Projects/Lab10/Lab10.srcs/sources_1/imports/new/FA.vhd:60]
INFO: [Synth 8-256] done synthesizing module 'FA' (12#1) [E:/Projects/Lab10/Lab10.srcs/sources_1/imports/new/FA.vhd:42]
INFO: [Synth 8-3491] module 'FA' declared at 'E:/Projects/Lab10/Lab10.srcs/sources_1/imports/new/FA.vhd:34' bound to instance 'FA_1' of component 'FA' [E:/Projects/Lab10/Lab10.srcs/sources_1/imports/new/RCA.vhd:62]
INFO: [Synth 8-3491] module 'FA' declared at 'E:/Projects/Lab10/Lab10.srcs/sources_1/imports/new/FA.vhd:34' bound to instance 'FA_2' of component 'FA' [E:/Projects/Lab10/Lab10.srcs/sources_1/imports/new/RCA.vhd:70]
INFO: [Synth 8-3491] module 'FA' declared at 'E:/Projects/Lab10/Lab10.srcs/sources_1/imports/new/FA.vhd:34' bound to instance 'FA_3' of component 'FA' [E:/Projects/Lab10/Lab10.srcs/sources_1/imports/new/RCA.vhd:78]
INFO: [Synth 8-256] done synthesizing module 'RCA' (13#1) [E:/Projects/Lab10/Lab10.srcs/sources_1/imports/new/RCA.vhd:42]
INFO: [Synth 8-256] done synthesizing module 'Add_Sub_Unit' (14#1) [E:/Projects/Lab10/Lab10.srcs/sources_1/new/Add_Sub_Unit.vhd:46]
INFO: [Synth 8-3491] module 'Add_3' declared at 'E:/Projects/Lab10/Lab10.srcs/sources_1/new/Add_3.vhd:34' bound to instance 'Adder_3_bit' of component 'Add_3' [E:/Projects/Lab10/Lab10.srcs/sources_1/new/Nanoprocessor.vhd:241]
INFO: [Synth 8-638] synthesizing module 'Add_3' [E:/Projects/Lab10/Lab10.srcs/sources_1/new/Add_3.vhd:39]
INFO: [Synth 8-3491] module 'FA' declared at 'E:/Projects/Lab10/Lab10.srcs/sources_1/imports/new/FA.vhd:34' bound to instance 'FA_0' of component 'FA' [E:/Projects/Lab10/Lab10.srcs/sources_1/new/Add_3.vhd:51]
INFO: [Synth 8-3491] module 'FA' declared at 'E:/Projects/Lab10/Lab10.srcs/sources_1/imports/new/FA.vhd:34' bound to instance 'FA_1' of component 'FA' [E:/Projects/Lab10/Lab10.srcs/sources_1/new/Add_3.vhd:59]
INFO: [Synth 8-3491] module 'FA' declared at 'E:/Projects/Lab10/Lab10.srcs/sources_1/imports/new/FA.vhd:34' bound to instance 'FA_2' of component 'FA' [E:/Projects/Lab10/Lab10.srcs/sources_1/new/Add_3.vhd:67]
INFO: [Synth 8-256] done synthesizing module 'Add_3' (15#1) [E:/Projects/Lab10/Lab10.srcs/sources_1/new/Add_3.vhd:39]
INFO: [Synth 8-3491] module 'Mux_2_3' declared at 'E:/Projects/Lab10/Lab10.srcs/sources_1/new/Mux_2_3.vhd:34' bound to instance 'Mux_2_way_3_bit' of component 'Mux_2_3' [E:/Projects/Lab10/Lab10.srcs/sources_1/new/Nanoprocessor.vhd:248]
INFO: [Synth 8-638] synthesizing module 'Mux_2_3' [E:/Projects/Lab10/Lab10.srcs/sources_1/new/Mux_2_3.vhd:41]
INFO: [Synth 8-3491] module 'Mux_2_to_1' declared at 'E:/Projects/Lab10/Lab10.srcs/sources_1/new/MUX_2_to_1.vhd:34' bound to instance 'Mux_2_to_1_0' of component 'Mux_2_to_1' [E:/Projects/Lab10/Lab10.srcs/sources_1/new/Mux_2_3.vhd:50]
INFO: [Synth 8-638] synthesizing module 'Mux_2_to_1' [E:/Projects/Lab10/Lab10.srcs/sources_1/new/MUX_2_to_1.vhd:41]
INFO: [Synth 8-256] done synthesizing module 'Mux_2_to_1' (16#1) [E:/Projects/Lab10/Lab10.srcs/sources_1/new/MUX_2_to_1.vhd:41]
INFO: [Synth 8-3491] module 'Mux_2_to_1' declared at 'E:/Projects/Lab10/Lab10.srcs/sources_1/new/MUX_2_to_1.vhd:34' bound to instance 'Mux_2_to_1_1' of component 'Mux_2_to_1' [E:/Projects/Lab10/Lab10.srcs/sources_1/new/Mux_2_3.vhd:58]
INFO: [Synth 8-3491] module 'Mux_2_to_1' declared at 'E:/Projects/Lab10/Lab10.srcs/sources_1/new/MUX_2_to_1.vhd:34' bound to instance 'Mux_2_to_1_2' of component 'Mux_2_to_1' [E:/Projects/Lab10/Lab10.srcs/sources_1/new/Mux_2_3.vhd:66]
INFO: [Synth 8-256] done synthesizing module 'Mux_2_3' (17#1) [E:/Projects/Lab10/Lab10.srcs/sources_1/new/Mux_2_3.vhd:41]
INFO: [Synth 8-3491] module 'Mux_2_4' declared at 'E:/Projects/Lab10/Lab10.srcs/sources_1/new/Mux_2_4.vhd:34' bound to instance 'Mux_2_way_4_bit' of component 'Mux_2_4' [E:/Projects/Lab10/Lab10.srcs/sources_1/new/Nanoprocessor.vhd:257]
INFO: [Synth 8-638] synthesizing module 'Mux_2_4' [E:/Projects/Lab10/Lab10.srcs/sources_1/new/Mux_2_4.vhd:41]
INFO: [Synth 8-3491] module 'Mux_2_to_1' declared at 'E:/Projects/Lab10/Lab10.srcs/sources_1/new/MUX_2_to_1.vhd:34' bound to instance 'Mux_2_to_1_0' of component 'Mux_2_to_1' [E:/Projects/Lab10/Lab10.srcs/sources_1/new/Mux_2_4.vhd:50]
INFO: [Synth 8-3491] module 'Mux_2_to_1' declared at 'E:/Projects/Lab10/Lab10.srcs/sources_1/new/MUX_2_to_1.vhd:34' bound to instance 'Mux_2_to_1_1' of component 'Mux_2_to_1' [E:/Projects/Lab10/Lab10.srcs/sources_1/new/Mux_2_4.vhd:58]
INFO: [Synth 8-3491] module 'Mux_2_to_1' declared at 'E:/Projects/Lab10/Lab10.srcs/sources_1/new/MUX_2_to_1.vhd:34' bound to instance 'Mux_2_to_1_2' of component 'Mux_2_to_1' [E:/Projects/Lab10/Lab10.srcs/sources_1/new/Mux_2_4.vhd:66]
INFO: [Synth 8-3491] module 'Mux_2_to_1' declared at 'E:/Projects/Lab10/Lab10.srcs/sources_1/new/MUX_2_to_1.vhd:34' bound to instance 'Mux_2_to_1_3' of component 'Mux_2_to_1' [E:/Projects/Lab10/Lab10.srcs/sources_1/new/Mux_2_4.vhd:74]
INFO: [Synth 8-256] done synthesizing module 'Mux_2_4' (18#1) [E:/Projects/Lab10/Lab10.srcs/sources_1/new/Mux_2_4.vhd:41]
INFO: [Synth 8-3491] module 'Mux_8_4' declared at 'E:/Projects/Lab10/Lab10.srcs/sources_1/new/Mux_8_4.vhd:34' bound to instance 'Mux_8_4_A' of component 'Mux_8_4' [E:/Projects/Lab10/Lab10.srcs/sources_1/new/Nanoprocessor.vhd:266]
INFO: [Synth 8-638] synthesizing module 'Mux_8_4' [E:/Projects/Lab10/Lab10.srcs/sources_1/new/Mux_8_4.vhd:47]
INFO: [Synth 8-3491] module 'Mux_8_to_1' declared at 'E:/Projects/Lab10/Lab10.srcs/sources_1/imports/new/Mux_8_to_1.vhd:34' bound to instance 'Mux_8_to_1_0' of component 'Mux_8_to_1' [E:/Projects/Lab10/Lab10.srcs/sources_1/new/Mux_8_4.vhd:56]
INFO: [Synth 8-638] synthesizing module 'Mux_8_to_1' [E:/Projects/Lab10/Lab10.srcs/sources_1/imports/new/Mux_8_to_1.vhd:41]
INFO: [Synth 8-3491] module 'Decoder_3_to_8' declared at 'E:/Projects/Lab10/Lab10.srcs/sources_1/imports/Projects/Lab4/Lab4.srcs/sources_1/new/Decoder_3_to_8.vhd:34' bound to instance 'Decoder_3_to_8_0' of component 'Decoder_3_to_8' [E:/Projects/Lab10/Lab10.srcs/sources_1/imports/new/Mux_8_to_1.vhd:52]
INFO: [Synth 8-256] done synthesizing module 'Mux_8_to_1' (19#1) [E:/Projects/Lab10/Lab10.srcs/sources_1/imports/new/Mux_8_to_1.vhd:41]
INFO: [Synth 8-3491] module 'Mux_8_to_1' declared at 'E:/Projects/Lab10/Lab10.srcs/sources_1/imports/new/Mux_8_to_1.vhd:34' bound to instance 'Mux_8_to_1_1' of component 'Mux_8_to_1' [E:/Projects/Lab10/Lab10.srcs/sources_1/new/Mux_8_4.vhd:71]
INFO: [Synth 8-3491] module 'Mux_8_to_1' declared at 'E:/Projects/Lab10/Lab10.srcs/sources_1/imports/new/Mux_8_to_1.vhd:34' bound to instance 'Mux_8_to_1_2' of component 'Mux_8_to_1' [E:/Projects/Lab10/Lab10.srcs/sources_1/new/Mux_8_4.vhd:86]
INFO: [Synth 8-3491] module 'Mux_8_to_1' declared at 'E:/Projects/Lab10/Lab10.srcs/sources_1/imports/new/Mux_8_to_1.vhd:34' bound to instance 'Mux_8_to_1_3' of component 'Mux_8_to_1' [E:/Projects/Lab10/Lab10.srcs/sources_1/new/Mux_8_4.vhd:101]
INFO: [Synth 8-256] done synthesizing module 'Mux_8_4' (20#1) [E:/Projects/Lab10/Lab10.srcs/sources_1/new/Mux_8_4.vhd:47]
INFO: [Synth 8-3491] module 'Mux_8_4' declared at 'E:/Projects/Lab10/Lab10.srcs/sources_1/new/Mux_8_4.vhd:34' bound to instance 'Mux_8_4_B' of component 'Mux_8_4' [E:/Projects/Lab10/Lab10.srcs/sources_1/new/Nanoprocessor.vhd:281]
INFO: [Synth 8-3491] module 'LUT_16_7' declared at 'E:/Projects/Lab10/Lab10.srcs/sources_1/imports/new/LUT_16_7.vhd:34' bound to instance 'Seg7_LUT' of component 'LUT_16_7' [E:/Projects/Lab10/Lab10.srcs/sources_1/new/Nanoprocessor.vhd:296]
INFO: [Synth 8-638] synthesizing module 'LUT_16_7' [E:/Projects/Lab10/Lab10.srcs/sources_1/imports/new/LUT_16_7.vhd:40]
INFO: [Synth 8-256] done synthesizing module 'LUT_16_7' (21#1) [E:/Projects/Lab10/Lab10.srcs/sources_1/imports/new/LUT_16_7.vhd:40]
INFO: [Synth 8-256] done synthesizing module 'Nanoprocessor' (22#1) [E:/Projects/Lab10/Lab10.srcs/sources_1/new/Nanoprocessor.vhd:47]
WARNING: [Synth 8-3917] design Nanoprocessor has port Anode[3] driven by constant 1
WARNING: [Synth 8-3917] design Nanoprocessor has port Anode[2] driven by constant 1
WARNING: [Synth 8-3917] design Nanoprocessor has port Anode[1] driven by constant 1
WARNING: [Synth 8-3917] design Nanoprocessor has port Anode[0] driven by constant 0
---------------------------------------------------------------------------------
Finished RTL Elaboration : Time (s): cpu = 00:00:03 ; elapsed = 00:00:04 . Memory (MB): peak = 437.461 ; gain = 152.699
---------------------------------------------------------------------------------

Report Check Netlist: 
+------+------------------+-------+---------+-------+------------------+
|      |Item              |Errors |Warnings |Status |Description       |
+------+------------------+-------+---------+-------+------------------+
|1     |multi_driven_nets |      0|        0|Passed |Multi driven nets |
+------+------------------+-------+---------+-------+------------------+
---------------------------------------------------------------------------------
Start Handling Custom Attributes
---------------------------------------------------------------------------------
---------------------------------------------------------------------------------
Finished Handling Custom Attributes : Time (s): cpu = 00:00:03 ; elapsed = 00:00:04 . Memory (MB): peak = 437.461 ; gain = 152.699
---------------------------------------------------------------------------------
---------------------------------------------------------------------------------
Finished RTL Optimization Phase 1 : Time (s): cpu = 00:00:03 ; elapsed = 00:00:04 . Memory (MB): peak = 437.461 ; gain = 152.699
---------------------------------------------------------------------------------
INFO: [Device 21-403] Loading part xc7a35tcpg236-1
INFO: [Project 1-570] Preparing netlist for logic optimization

Processing XDC Constraints
Initializing timing engine
Parsing XDC File [E:/Projects/Lab10/Lab10.srcs/constrs_1/imports/Downloads/Basys3Labs.xdc]
Finished Parsing XDC File [E:/Projects/Lab10/Lab10.srcs/constrs_1/imports/Downloads/Basys3Labs.xdc]
INFO: [Project 1-236] Implementation specific constraints were found while reading constraint file [E:/Projects/Lab10/Lab10.srcs/constrs_1/imports/Downloads/Basys3Labs.xdc]. These constraints will be ignored for synthesis but will be used in implementation. Impacted constraints are listed in the file [.Xil/Nanoprocessor_propImpl.xdc].
Resolution: To avoid this warning, move constraints listed in [.Xil/Nanoprocessor_propImpl.xdc] to another XDC file and exclude this new file from synthesis with the used_in_synthesis property (File Properties dialog in GUI) and re-run elaboration/synthesis.
Completed Processing XDC Constraints

INFO: [Project 1-111] Unisim Transformation Summary:
No Unisim elements were transformed.

Constraint Validation Runtime : Time (s): cpu = 00:00:00 ; elapsed = 00:00:00.002 . Memory (MB): peak = 769.855 ; gain = 0.000
---------------------------------------------------------------------------------
Finished Constraint Validation : Time (s): cpu = 00:00:13 ; elapsed = 00:00:15 . Memory (MB): peak = 769.855 ; gain = 485.094
---------------------------------------------------------------------------------
---------------------------------------------------------------------------------
Start Loading Part and Timing Information
---------------------------------------------------------------------------------
Loading part: xc7a35tcpg236-1
---------------------------------------------------------------------------------
Finished Loading Part and Timing Information : Time (s): cpu = 00:00:13 ; elapsed = 00:00:15 . Memory (MB): peak = 769.855 ; gain = 485.094
---------------------------------------------------------------------------------
---------------------------------------------------------------------------------
Start Applying 'set_property' XDC Constraints
---------------------------------------------------------------------------------
---------------------------------------------------------------------------------
Finished applying 'set_property' XDC Constraints : Time (s): cpu = 00:00:13 ; elapsed = 00:00:15 . Memory (MB): peak = 769.855 ; gain = 485.094
---------------------------------------------------------------------------------
INFO: [Synth 8-5545] ROM "count" won't be mapped to RAM because address size (32) is larger than maximum supported(25)
INFO: [Synth 8-5545] ROM "clk_status" won't be mapped to RAM because address size (32) is larger than maximum supported(25)
INFO: [Synth 8-5544] ROM "PROGRAM_ROM" won't be mapped to Block RAM because address size (3) smaller than threshold (5)
INFO: [Synth 8-5544] ROM "sevenSegment_ROM" won't be mapped to Block RAM because address size (4) smaller than threshold (5)
---------------------------------------------------------------------------------
Finished RTL Optimization Phase 2 : Time (s): cpu = 00:00:13 ; elapsed = 00:00:15 . Memory (MB): peak = 769.855 ; gain = 485.094
---------------------------------------------------------------------------------

Report RTL Partitions: 
+-+--------------+------------+----------+
| |RTL Partition |Replication |Instances |
+-+--------------+------------+----------+
+-+--------------+------------+----------+
---------------------------------------------------------------------------------
Start RTL Component Statistics 
---------------------------------------------------------------------------------
Detailed RTL Component Info : 
+---Adders : 
	   2 Input     32 Bit       Adders := 1     
+---XORs : 
	   2 Input      1 Bit         XORs := 18    
	   4 Input      1 Bit         XORs := 1     
+---Registers : 
	               32 Bit    Registers := 1     
	               12 Bit    Registers := 1     
	                4 Bit    Registers := 8     
	                1 Bit    Registers := 8     
+---Muxes : 
	   2 Input     32 Bit        Muxes := 1     
	   9 Input     12 Bit        Muxes := 1     
	  17 Input      7 Bit        Muxes := 1     
	   2 Input      1 Bit        Muxes := 1     
---------------------------------------------------------------------------------
Finished RTL Component Statistics 
---------------------------------------------------------------------------------
---------------------------------------------------------------------------------
Start RTL Hierarchical Component Statistics 
---------------------------------------------------------------------------------
Hierarchical RTL Component report 
Module Slow_Clk 
Detailed RTL Component Info : 
+---Adders : 
	   2 Input     32 Bit       Adders := 1     
+---Registers : 
	               32 Bit    Registers := 1     
	                1 Bit    Registers := 2     
+---Muxes : 
	   2 Input     32 Bit        Muxes := 1     
	   2 Input      1 Bit        Muxes := 1     
Module Inst_Reg 
Detailed RTL Component Info : 
+---Registers : 
	               12 Bit    Registers := 1     
Module Program_Rom 
Detailed RTL Component Info : 
+---Muxes : 
	   9 Input     12 Bit        Muxes := 1     
Module D_FF 
Detailed RTL Component Info : 
+---Registers : 
	                1 Bit    Registers := 2     
Module Reg 
Detailed RTL Component Info : 
+---Registers : 
	                4 Bit    Registers := 1     
Module HA 
Detailed RTL Component Info : 
+---XORs : 
	   2 Input      1 Bit         XORs := 1     
Module Add_Sub_Unit 
Detailed RTL Component Info : 
+---XORs : 
	   4 Input      1 Bit         XORs := 1     
	   2 Input      1 Bit         XORs := 4     
Module LUT_16_7 
Detailed RTL Component Info : 
+---Muxes : 
	  17 Input      7 Bit        Muxes := 1     
---------------------------------------------------------------------------------
Finished RTL Hierarchical Component Statistics
---------------------------------------------------------------------------------
---------------------------------------------------------------------------------
Start Part Resource Summary
---------------------------------------------------------------------------------
Part Resources:
DSPs: 90 (col length:60)
BRAMs: 100 (col length: RAMB18 60 RAMB36 30)
---------------------------------------------------------------------------------
Finished Part Resource Summary
---------------------------------------------------------------------------------
---------------------------------------------------------------------------------
Start Cross Boundary and Area Optimization
---------------------------------------------------------------------------------
Warning: Parallel synthesis criteria is not met 
WARNING: [Synth 8-6014] Unused sequential element Pro_Counter/D_FF0/Qbar_reg was removed.  [E:/Projects/Lab10/Lab10.srcs/sources_1/imports/new/D_FF.vhd:49]
WARNING: [Synth 8-6014] Unused sequential element Pro_Counter/D_FF1/Qbar_reg was removed.  [E:/Projects/Lab10/Lab10.srcs/sources_1/imports/new/D_FF.vhd:49]
WARNING: [Synth 8-6014] Unused sequential element Pro_Counter/D_FF2/Qbar_reg was removed.  [E:/Projects/Lab10/Lab10.srcs/sources_1/imports/new/D_FF.vhd:49]
INFO: [Synth 8-5545] ROM "Slow_Clock/count" won't be mapped to RAM because address size (32) is larger than maximum supported(25)
INFO: [Synth 8-5545] ROM "Slow_Clock/clk_status" won't be mapped to RAM because address size (32) is larger than maximum supported(25)
WARNING: [Synth 8-3917] design Nanoprocessor has port Anode[3] driven by constant 1
WARNING: [Synth 8-3917] design Nanoprocessor has port Anode[2] driven by constant 1
WARNING: [Synth 8-3917] design Nanoprocessor has port Anode[1] driven by constant 1
WARNING: [Synth 8-3917] design Nanoprocessor has port Anode[0] driven by constant 0
INFO: [Synth 8-3886] merging instance 'I_Decoder/Inst_Reg_12/Q_reg[10]' (FD) to 'I_Decoder/Inst_Reg_12/Q_reg[0]'
INFO: [Synth 8-3886] merging instance 'I_Decoder/Inst_Reg_12/Q_reg[8]' (FD) to 'I_Decoder/Inst_Reg_12/Q_reg[7]'
INFO: [Synth 8-3886] merging instance 'Register_Bank/Reg_0/Q_reg[3]' (FDCE) to 'Register_Bank/Reg_0/Q_reg[0]'
INFO: [Synth 8-3886] merging instance 'Register_Bank/Reg_0/Q_reg[2]' (FDCE) to 'Register_Bank/Reg_0/Q_reg[0]'
INFO: [Synth 8-3886] merging instance 'Register_Bank/Reg_0/Q_reg[1]' (FDCE) to 'Register_Bank/Reg_0/Q_reg[0]'
INFO: [Synth 8-3886] merging instance 'I_Decoder/Inst_Reg_12/Q_reg[5]' (FD) to 'I_Decoder/Inst_Reg_12/Q_reg[6]'
INFO: [Synth 8-3333] propagating constant 0 across sequential element (\I_Decoder/Inst_Reg_12/Q_reg[7] )
INFO: [Synth 8-3333] propagating constant 0 across sequential element (\Register_Bank/Reg_0/Q_reg[0] )
INFO: [Synth 8-3886] merging instance 'I_Decoder/Inst_Reg_12/Q_reg[2]' (FD) to 'I_Decoder/Inst_Reg_12/Q_reg[3]'
WARNING: [Synth 8-3332] Sequential element (I_Decoder/Inst_Reg_12/Q_reg[7]) is unused and will be removed from module Nanoprocessor.
WARNING: [Synth 8-3332] Sequential element (Register_Bank/Reg_0/Q_reg[0]) is unused and will be removed from module Nanoprocessor.
WARNING: [Synth 8-3332] Sequential element (Register_Bank/Reg_2/Q_reg[3]) is unused and will be removed from module Nanoprocessor.
WARNING: [Synth 8-3332] Sequential element (Register_Bank/Reg_2/Q_reg[2]) is unused and will be removed from module Nanoprocessor.
WARNING: [Synth 8-3332] Sequential element (Register_Bank/Reg_2/Q_reg[1]) is unused and will be removed from module Nanoprocessor.
WARNING: [Synth 8-3332] Sequential element (Register_Bank/Reg_2/Q_reg[0]) is unused and will be removed from module Nanoprocessor.
WARNING: [Synth 8-3332] Sequential element (Register_Bank/Reg_3/Q_reg[3]) is unused and will be removed from module Nanoprocessor.
WARNING: [Synth 8-3332] Sequential element (Register_Bank/Reg_3/Q_reg[2]) is unused and will be removed from module Nanoprocessor.
WARNING: [Synth 8-3332] Sequential element (Register_Bank/Reg_3/Q_reg[1]) is unused and will be removed from module Nanoprocessor.
WARNING: [Synth 8-3332] Sequential element (Register_Bank/Reg_3/Q_reg[0]) is unused and will be removed from module Nanoprocessor.
WARNING: [Synth 8-3332] Sequential element (Register_Bank/Reg_4/Q_reg[3]) is unused and will be removed from module Nanoprocessor.
WARNING: [Synth 8-3332] Sequential element (Register_Bank/Reg_4/Q_reg[2]) is unused and will be removed from module Nanoprocessor.
WARNING: [Synth 8-3332] Sequential element (Register_Bank/Reg_4/Q_reg[1]) is unused and will be removed from module Nanoprocessor.
WARNING: [Synth 8-3332] Sequential element (Register_Bank/Reg_4/Q_reg[0]) is unused and will be removed from module Nanoprocessor.
WARNING: [Synth 8-3332] Sequential element (Register_Bank/Reg_5/Q_reg[3]) is unused and will be removed from module Nanoprocessor.
WARNING: [Synth 8-3332] Sequential element (Register_Bank/Reg_5/Q_reg[2]) is unused and will be removed from module Nanoprocessor.
WARNING: [Synth 8-3332] Sequential element (Register_Bank/Reg_5/Q_reg[1]) is unused and will be removed from module Nanoprocessor.
WARNING: [Synth 8-3332] Sequential element (Register_Bank/Reg_5/Q_reg[0]) is unused and will be removed from module Nanoprocessor.
---------------------------------------------------------------------------------
Finished Cross Boundary and Area Optimization : Time (s): cpu = 00:00:15 ; elapsed = 00:00:17 . Memory (MB): peak = 769.855 ; gain = 485.094
---------------------------------------------------------------------------------

Report RTL Partitions: 
+-+--------------+------------+----------+
| |RTL Partition |Replication |Instances |
+-+--------------+------------+----------+
+-+--------------+------------+----------+
---------------------------------------------------------------------------------
Start Applying XDC Timing Constraints
---------------------------------------------------------------------------------
---------------------------------------------------------------------------------
Finished Applying XDC Timing Constraints : Time (s): cpu = 00:00:24 ; elapsed = 00:00:28 . Memory (MB): peak = 769.855 ; gain = 485.094
---------------------------------------------------------------------------------
---------------------------------------------------------------------------------
Start Timing Optimization
---------------------------------------------------------------------------------
---------------------------------------------------------------------------------
Finished Timing Optimization : Time (s): cpu = 00:00:24 ; elapsed = 00:00:28 . Memory (MB): peak = 782.191 ; gain = 497.430
---------------------------------------------------------------------------------

Report RTL Partitions: 
+-+--------------+------------+----------+
| |RTL Partition |Replication |Instances |
+-+--------------+------------+----------+
+-+--------------+------------+----------+
---------------------------------------------------------------------------------
Start Technology Mapping
---------------------------------------------------------------------------------
---------------------------------------------------------------------------------
Finished Technology Mapping : Time (s): cpu = 00:00:24 ; elapsed = 00:00:28 . Memory (MB): peak = 782.191 ; gain = 497.430
---------------------------------------------------------------------------------

Report RTL Partitions: 
+-+--------------+------------+----------+
| |RTL Partition |Replication |Instances |
+-+--------------+------------+----------+
+-+--------------+------------+----------+
---------------------------------------------------------------------------------
Start IO Insertion
---------------------------------------------------------------------------------
---------------------------------------------------------------------------------
Start Flattening Before IO Insertion
---------------------------------------------------------------------------------
---------------------------------------------------------------------------------
Finished Flattening Before IO Insertion
---------------------------------------------------------------------------------
---------------------------------------------------------------------------------
Start Final Netlist Cleanup
---------------------------------------------------------------------------------
---------------------------------------------------------------------------------
Finished Final Netlist Cleanup
---------------------------------------------------------------------------------
---------------------------------------------------------------------------------
Finished IO Insertion : Time (s): cpu = 00:00:25 ; elapsed = 00:00:29 . Memory (MB): peak = 782.191 ; gain = 497.430
---------------------------------------------------------------------------------

Report Check Netlist: 
+------+------------------+-------+---------+-------+------------------+
|      |Item              |Errors |Warnings |Status |Description       |
+------+------------------+-------+---------+-------+------------------+
|1     |multi_driven_nets |      0|        0|Passed |Multi driven nets |
+------+------------------+-------+---------+-------+------------------+
---------------------------------------------------------------------------------
Start Renaming Generated Instances
---------------------------------------------------------------------------------
---------------------------------------------------------------------------------
Finished Renaming Generated Instances : Time (s): cpu = 00:00:25 ; elapsed = 00:00:29 . Memory (MB): peak = 782.191 ; gain = 497.430
---------------------------------------------------------------------------------

Report RTL Partitions: 
+-+--------------+------------+----------+
| |RTL Partition |Replication |Instances |
+-+--------------+------------+----------+
+-+--------------+------------+----------+
---------------------------------------------------------------------------------
Start Rebuilding User Hierarchy
---------------------------------------------------------------------------------
---------------------------------------------------------------------------------
Finished Rebuilding User Hierarchy : Time (s): cpu = 00:00:25 ; elapsed = 00:00:29 . Memory (MB): peak = 782.191 ; gain = 497.430
---------------------------------------------------------------------------------
---------------------------------------------------------------------------------
Start Renaming Generated Ports
---------------------------------------------------------------------------------
---------------------------------------------------------------------------------
Finished Renaming Generated Ports : Time (s): cpu = 00:00:25 ; elapsed = 00:00:29 . Memory (MB): peak = 782.191 ; gain = 497.430
---------------------------------------------------------------------------------
---------------------------------------------------------------------------------
Start Handling Custom Attributes
---------------------------------------------------------------------------------
---------------------------------------------------------------------------------
Finished Handling Custom Attributes : Time (s): cpu = 00:00:25 ; elapsed = 00:00:29 . Memory (MB): peak = 782.191 ; gain = 497.430
---------------------------------------------------------------------------------
---------------------------------------------------------------------------------
Start Renaming Generated Nets
---------------------------------------------------------------------------------
---------------------------------------------------------------------------------
Finished Renaming Generated Nets : Time (s): cpu = 00:00:25 ; elapsed = 00:00:29 . Memory (MB): peak = 782.191 ; gain = 497.430
---------------------------------------------------------------------------------
---------------------------------------------------------------------------------
Start Writing Synthesis Report
---------------------------------------------------------------------------------

Report BlackBoxes: 
+-+--------------+----------+
| |BlackBox name |Instances |
+-+--------------+----------+
+-+--------------+----------+

Report Cell Usage: 
+------+-------+------+
|      |Cell   |Count |
+------+-------+------+
|1     |BUFG   |     1|
|2     |CARRY4 |     8|
|3     |LUT1   |     1|
|4     |LUT2   |     7|
|5     |LUT3   |    10|
|6     |LUT4   |    12|
|7     |LUT5   |    13|
|8     |LUT6   |    12|
|9     |FDCE   |    15|
|10    |FDRE   |    41|
|11    |IBUF   |     2|
|12    |OBUF   |    19|
+------+-------+------+

Report Instance Areas: 
+------+----------------+-------------+------+
|      |Instance        |Module       |Cells |
+------+----------------+-------------+------+
|1     |top             |             |   141|
|2     |  I_Decoder     |Inst_Decoder |    24|
|3     |    Inst_Reg_12 |Inst_Reg     |    24|
|4     |  Pro_Counter   |PC           |    12|
|5     |    D_FF0       |D_FF         |     4|
|6     |    D_FF1       |D_FF_2       |     3|
|7     |    D_FF2       |D_FF_3       |     5|
|8     |  Register_Bank |Reg_Bank     |    29|
|9     |    Reg_1       |Reg          |     9|
|10    |    Reg_6       |Reg_0        |     8|
|11    |    Reg_7       |Reg_1        |    12|
|12    |  Slow_Clock    |Slow_Clk     |    54|
+------+----------------+-------------+------+
---------------------------------------------------------------------------------
Finished Writing Synthesis Report : Time (s): cpu = 00:00:25 ; elapsed = 00:00:29 . Memory (MB): peak = 782.191 ; gain = 497.430
---------------------------------------------------------------------------------
Synthesis finished with 0 errors, 0 critical warnings and 25 warnings.
Synthesis Optimization Runtime : Time (s): cpu = 00:00:15 ; elapsed = 00:00:21 . Memory (MB): peak = 782.191 ; gain = 165.035
Synthesis Optimization Complete : Time (s): cpu = 00:00:25 ; elapsed = 00:00:29 . Memory (MB): peak = 782.191 ; gain = 497.430
INFO: [Project 1-571] Translating synthesized netlist
INFO: [Netlist 29-17] Analyzing 10 Unisim elements for replacement
INFO: [Netlist 29-28] Unisim Transformation completed in 0 CPU seconds
INFO: [Project 1-570] Preparing netlist for logic optimization
INFO: [Opt 31-138] Pushed 0 inverter(s) to 0 load pin(s).
INFO: [Project 1-111] Unisim Transformation Summary:
No Unisim elements were transformed.

INFO: [Common 17-83] Releasing license: Synthesis
120 Infos, 29 Warnings, 0 Critical Warnings and 0 Errors encountered.
synth_design completed successfully
synth_design: Time (s): cpu = 00:00:27 ; elapsed = 00:00:31 . Memory (MB): peak = 782.191 ; gain = 509.359
WARNING: [Constraints 18-5210] No constraint will be written out.
INFO: [Common 17-1381] The checkpoint 'E:/Projects/Lab10/Lab10.runs/synth_1/Nanoprocessor.dcp' has been generated.
INFO: [runtcl-4] Executing : report_utilization -file Nanoprocessor_utilization_synth.rpt -pb Nanoprocessor_utilization_synth.pb
report_utilization: Time (s): cpu = 00:00:00 ; elapsed = 00:00:00.024 . Memory (MB): peak = 782.191 ; gain = 0.000
INFO: [Common 17-206] Exiting Vivado at Sun Jul 17 23:55:14 2022...
