Copyright 1986-2018 Xilinx, Inc. All Rights Reserved.
--------------------------------------------------------------------------------------------------------------------------------------------------------------------------------------------------------------
| Tool Version : Vivado v.2018.2 (win64) Build 2258646 Thu Jun 14 20:03:12 MDT 2018
| Date         : Sun Jul 17 23:56:22 2022
| Host         : DAN-PC running 64-bit major release  (build 9200)
| Command      : report_timing_summary -max_paths 10 -file Nanoprocessor_timing_summary_routed.rpt -pb Nanoprocessor_timing_summary_routed.pb -rpx Nanoprocessor_timing_summary_routed.rpx -warn_on_violation
| Design       : Nanoprocessor
| Device       : 7a35t-cpg236
| Speed File   : -1  PRODUCTION 1.22 2018-03-21
--------------------------------------------------------------------------------------------------------------------------------------------------------------------------------------------------------------

Timing Summary Report

------------------------------------------------------------------------------------------------
| Timer Settings
| --------------
------------------------------------------------------------------------------------------------

  Enable Multi Corner Analysis               :  Yes
  Enable Pessimism Removal                   :  Yes
  Pessimism Removal Resolution               :  Nearest Common Node
  Enable Input Delay Default Clock           :  No
  Enable Preset / Clear Arcs                 :  No
  Disable Flight Delays                      :  No
  Ignore I/O Paths                           :  No
  Timing Early Launch at Borrowing Latches   :  false

  Corner  Analyze    Analyze    
  Name    Max Paths  Min Paths  
  ------  ---------  ---------  
  Slow    Yes        Yes        
  Fast    Yes        Yes        



check_timing report

Table of Contents
-----------------
1. checking no_clock
2. checking constant_clock
3. checking pulse_width_clock
4. checking unconstrained_internal_endpoints
5. checking no_input_delay
6. checking no_output_delay
7. checking multiple_clock
8. checking generated_clocks
9. checking loops
10. checking partial_input_delay
11. checking partial_output_delay
12. checking latch_loops

1. checking no_clock
--------------------
 There are 22 register/latch pins with no clock driven by root clock pin: Slow_Clock/Clk_out_reg/Q (HIGH)


2. checking constant_clock
--------------------------
 There are 0 register/latch pins with constant_clock.


3. checking pulse_width_clock
-----------------------------
 There are 0 register/latch pins which need pulse_width check


4. checking unconstrained_internal_endpoints
--------------------------------------------
 There are 49 pins that are not constrained for maximum delay. (HIGH)

 There are 0 pins that are not constrained for maximum delay due to constant clock.


5. checking no_input_delay
--------------------------
 There is 1 input port with no input delay specified. (HIGH)

 There are 0 input ports with no input delay but user has a false path constraint.


6. checking no_output_delay
---------------------------
 There are 15 ports with no output delay specified. (HIGH)

 There are 0 ports with no output delay but user has a false path constraint

 There are 0 ports with no output delay but with a timing clock defined on it or propagating through it


7. checking multiple_clock
--------------------------
 There are 0 register/latch pins with multiple clocks.


8. checking generated_clocks
----------------------------
 There are 0 generated clocks that are not connected to a clock source.


9. checking loops
-----------------
 There are 0 combinational loops in the design.


10. checking partial_input_delay
--------------------------------
 There are 0 input ports with partial input delay specified.


11. checking partial_output_delay
---------------------------------
 There are 0 ports with partial output delay specified.


12. checking latch_loops
------------------------
 There are 0 combinational latch loops in the design through latch input



------------------------------------------------------------------------------------------------
| Design Timing Summary
| ---------------------
------------------------------------------------------------------------------------------------

    WNS(ns)      TNS(ns)  TNS Failing Endpoints  TNS Total Endpoints      WHS(ns)      THS(ns)  THS Failing Endpoints  THS Total Endpoints     WPWS(ns)     TPWS(ns)  TPWS Failing Endpoints  TPWS Total Endpoints  
    -------      -------  ---------------------  -------------------      -------      -------  ---------------------  -------------------     --------     --------  ----------------------  --------------------  
      4.843        0.000                      0                   65        0.280        0.000                      0                   65        4.500        0.000                       0                    35  


All user specified timing constraints are met.


------------------------------------------------------------------------------------------------
| Clock Summary
| -------------
------------------------------------------------------------------------------------------------

Clock        Waveform(ns)       Period(ns)      Frequency(MHz)
-----        ------------       ----------      --------------
sys_clk_pin  {0.000 5.000}      10.000          100.000         


------------------------------------------------------------------------------------------------
| Intra Clock Table
| -----------------
------------------------------------------------------------------------------------------------

Clock             WNS(ns)      TNS(ns)  TNS Failing Endpoints  TNS Total Endpoints      WHS(ns)      THS(ns)  THS Failing Endpoints  THS Total Endpoints     WPWS(ns)     TPWS(ns)  TPWS Failing Endpoints  TPWS Total Endpoints  
-----             -------      -------  ---------------------  -------------------      -------      -------  ---------------------  -------------------     --------     --------  ----------------------  --------------------  
sys_clk_pin         4.843        0.000                      0                   65        0.280        0.000                      0                   65        4.500        0.000                       0                    35  


------------------------------------------------------------------------------------------------
| Inter Clock Table
| -----------------
------------------------------------------------------------------------------------------------

From Clock    To Clock          WNS(ns)      TNS(ns)  TNS Failing Endpoints  TNS Total Endpoints      WHS(ns)      THS(ns)  THS Failing Endpoints  THS Total Endpoints  
----------    --------          -------      -------  ---------------------  -------------------      -------      -------  ---------------------  -------------------  


------------------------------------------------------------------------------------------------
| Other Path Groups Table
| -----------------------
------------------------------------------------------------------------------------------------

Path Group    From Clock    To Clock          WNS(ns)      TNS(ns)  TNS Failing Endpoints  TNS Total Endpoints      WHS(ns)      THS(ns)  THS Failing Endpoints  THS Total Endpoints  
----------    ----------    --------          -------      -------  ---------------------  -------------------      -------      -------  ---------------------  -------------------  


------------------------------------------------------------------------------------------------
| Timing Details
| --------------
------------------------------------------------------------------------------------------------


---------------------------------------------------------------------------------------------------
From Clock:  sys_clk_pin
  To Clock:  sys_clk_pin

Setup :            0  Failing Endpoints,  Worst Slack        4.843ns,  Total Violation        0.000ns
Hold  :            0  Failing Endpoints,  Worst Slack        0.280ns,  Total Violation        0.000ns
PW    :            0  Failing Endpoints,  Worst Slack        4.500ns,  Total Violation        0.000ns
---------------------------------------------------------------------------------------------------


Max Delay Paths
--------------------------------------------------------------------------------------
Slack (MET) :             4.843ns  (required time - arrival time)
  Source:                 Slow_Clock/count_reg[4]/C
                            (rising edge-triggered cell FDRE clocked by sys_clk_pin  {rise@0.000ns fall@5.000ns period=10.000ns})
  Destination:            Slow_Clock/count_reg[10]/R
                            (rising edge-triggered cell FDRE clocked by sys_clk_pin  {rise@0.000ns fall@5.000ns period=10.000ns})
  Path Group:             sys_clk_pin
  Path Type:              Setup (Max at Slow Process Corner)
  Requirement:            10.000ns  (sys_clk_pin rise@10.000ns - sys_clk_pin rise@0.000ns)
  Data Path Delay:        4.672ns  (logic 1.056ns (22.602%)  route 3.616ns (77.398%))
  Logic Levels:           3  (LUT4=2 LUT5=1)
  Clock Path Skew:        -0.021ns (DCD - SCD + CPR)
    Destination Clock Delay (DCD):    4.852ns = ( 14.852 - 10.000 ) 
    Source Clock Delay      (SCD):    5.147ns
    Clock Pessimism Removal (CPR):    0.274ns
  Clock Uncertainty:      0.035ns  ((TSJ^2 + TIJ^2)^1/2 + DJ) / 2 + PE
    Total System Jitter     (TSJ):    0.071ns
    Total Input Jitter      (TIJ):    0.000ns
    Discrete Jitter          (DJ):    0.000ns
    Phase Error              (PE):    0.000ns

    Location             Delay type                Incr(ns)  Path(ns)    Netlist Resource(s)
  -------------------------------------------------------------------    -------------------
                         (clock sys_clk_pin rise edge)
                                                      0.000     0.000 r  
    W5                                                0.000     0.000 r  Clk (IN)
                         net (fo=0)                   0.000     0.000    Clk
    W5                   IBUF (Prop_ibuf_I_O)         1.458     1.458 r  Clk_IBUF_inst/O
                         net (fo=1, routed)           1.967     3.425    Clk_IBUF
    BUFGCTRL_X0Y0        BUFG (Prop_bufg_I_O)         0.096     3.521 r  Clk_IBUF_BUFG_inst/O
                         net (fo=34, routed)          1.626     5.147    Slow_Clock/Clk_IBUF_BUFG
    SLICE_X62Y30         FDRE                                         r  Slow_Clock/count_reg[4]/C
  -------------------------------------------------------------------    -------------------
    SLICE_X62Y30         FDRE (Prop_fdre_C_Q)         0.456     5.603 f  Slow_Clock/count_reg[4]/Q
                         net (fo=2, routed)           0.812     6.415    Slow_Clock/count[4]
    SLICE_X63Y31         LUT4 (Prop_lut4_I1_O)        0.124     6.539 f  Slow_Clock/count[31]_i_7/O
                         net (fo=1, routed)           0.633     7.173    Slow_Clock/count[31]_i_7_n_0
    SLICE_X63Y30         LUT5 (Prop_lut5_I4_O)        0.150     7.323 f  Slow_Clock/count[31]_i_3/O
                         net (fo=3, routed)           1.100     8.423    Slow_Clock/count[31]_i_3_n_0
    SLICE_X63Y36         LUT4 (Prop_lut4_I1_O)        0.326     8.749 r  Slow_Clock/count[31]_i_1/O
                         net (fo=31, routed)          1.070     9.819    Slow_Clock/count[31]_i_1_n_0
    SLICE_X62Y32         FDRE                                         r  Slow_Clock/count_reg[10]/R
  -------------------------------------------------------------------    -------------------

                         (clock sys_clk_pin rise edge)
                                                     10.000    10.000 r  
    W5                                                0.000    10.000 r  Clk (IN)
                         net (fo=0)                   0.000    10.000    Clk
    W5                   IBUF (Prop_ibuf_I_O)         1.388    11.388 r  Clk_IBUF_inst/O
                         net (fo=1, routed)           1.862    13.250    Clk_IBUF
    BUFGCTRL_X0Y0        BUFG (Prop_bufg_I_O)         0.091    13.341 r  Clk_IBUF_BUFG_inst/O
                         net (fo=34, routed)          1.511    14.852    Slow_Clock/Clk_IBUF_BUFG
    SLICE_X62Y32         FDRE                                         r  Slow_Clock/count_reg[10]/C
                         clock pessimism              0.274    15.126    
                         clock uncertainty           -0.035    15.091    
    SLICE_X62Y32         FDRE (Setup_fdre_C_R)       -0.429    14.662    Slow_Clock/count_reg[10]
  -------------------------------------------------------------------
                         required time                         14.662    
                         arrival time                          -9.819    
  -------------------------------------------------------------------
                         slack                                  4.843    

Slack (MET) :             4.843ns  (required time - arrival time)
  Source:                 Slow_Clock/count_reg[4]/C
                            (rising edge-triggered cell FDRE clocked by sys_clk_pin  {rise@0.000ns fall@5.000ns period=10.000ns})
  Destination:            Slow_Clock/count_reg[11]/R
                            (rising edge-triggered cell FDRE clocked by sys_clk_pin  {rise@0.000ns fall@5.000ns period=10.000ns})
  Path Group:             sys_clk_pin
  Path Type:              Setup (Max at Slow Process Corner)
  Requirement:            10.000ns  (sys_clk_pin rise@10.000ns - sys_clk_pin rise@0.000ns)
  Data Path Delay:        4.672ns  (logic 1.056ns (22.602%)  route 3.616ns (77.398%))
  Logic Levels:           3  (LUT4=2 LUT5=1)
  Clock Path Skew:        -0.021ns (DCD - SCD + CPR)
    Destination Clock Delay (DCD):    4.852ns = ( 14.852 - 10.000 ) 
    Source Clock Delay      (SCD):    5.147ns
    Clock Pessimism Removal (CPR):    0.274ns
  Clock Uncertainty:      0.035ns  ((TSJ^2 + TIJ^2)^1/2 + DJ) / 2 + PE
    Total System Jitter     (TSJ):    0.071ns
    Total Input Jitter      (TIJ):    0.000ns
    Discrete Jitter          (DJ):    0.000ns
    Phase Error              (PE):    0.000ns

    Location             Delay type                Incr(ns)  Path(ns)    Netlist Resource(s)
  -------------------------------------------------------------------    -------------------
                         (clock sys_clk_pin rise edge)
                                                      0.000     0.000 r  
    W5                                                0.000     0.000 r  Clk (IN)
                         net (fo=0)                   0.000     0.000    Clk
    W5                   IBUF (Prop_ibuf_I_O)         1.458     1.458 r  Clk_IBUF_inst/O
                         net (fo=1, routed)           1.967     3.425    Clk_IBUF
    BUFGCTRL_X0Y0        BUFG (Prop_bufg_I_O)         0.096     3.521 r  Clk_IBUF_BUFG_inst/O
                         net (fo=34, routed)          1.626     5.147    Slow_Clock/Clk_IBUF_BUFG
    SLICE_X62Y30         FDRE                                         r  Slow_Clock/count_reg[4]/C
  -------------------------------------------------------------------    -------------------
    SLICE_X62Y30         FDRE (Prop_fdre_C_Q)         0.456     5.603 f  Slow_Clock/count_reg[4]/Q
                         net (fo=2, routed)           0.812     6.415    Slow_Clock/count[4]
    SLICE_X63Y31         LUT4 (Prop_lut4_I1_O)        0.124     6.539 f  Slow_Clock/count[31]_i_7/O
                         net (fo=1, routed)           0.633     7.173    Slow_Clock/count[31]_i_7_n_0
    SLICE_X63Y30         LUT5 (Prop_lut5_I4_O)        0.150     7.323 f  Slow_Clock/count[31]_i_3/O
                         net (fo=3, routed)           1.100     8.423    Slow_Clock/count[31]_i_3_n_0
    SLICE_X63Y36         LUT4 (Prop_lut4_I1_O)        0.326     8.749 r  Slow_Clock/count[31]_i_1/O
                         net (fo=31, routed)          1.070     9.819    Slow_Clock/count[31]_i_1_n_0
    SLICE_X62Y32         FDRE                                         r  Slow_Clock/count_reg[11]/R
  -------------------------------------------------------------------    -------------------

                         (clock sys_clk_pin rise edge)
                                                     10.000    10.000 r  
    W5                                                0.000    10.000 r  Clk (IN)
                         net (fo=0)                   0.000    10.000    Clk
    W5                   IBUF (Prop_ibuf_I_O)         1.388    11.388 r  Clk_IBUF_inst/O
                         net (fo=1, routed)           1.862    13.250    Clk_IBUF
    BUFGCTRL_X0Y0        BUFG (Prop_bufg_I_O)         0.091    13.341 r  Clk_IBUF_BUFG_inst/O
                         net (fo=34, routed)          1.511    14.852    Slow_Clock/Clk_IBUF_BUFG
    SLICE_X62Y32         FDRE                                         r  Slow_Clock/count_reg[11]/C
                         clock pessimism              0.274    15.126    
                         clock uncertainty           -0.035    15.091    
    SLICE_X62Y32         FDRE (Setup_fdre_C_R)       -0.429    14.662    Slow_Clock/count_reg[11]
  -------------------------------------------------------------------
                         required time                         14.662    
                         arrival time                          -9.819    
  -------------------------------------------------------------------
                         slack                                  4.843    

Slack (MET) :             4.843ns  (required time - arrival time)
  Source:                 Slow_Clock/count_reg[4]/C
                            (rising edge-triggered cell FDRE clocked by sys_clk_pin  {rise@0.000ns fall@5.000ns period=10.000ns})
  Destination:            Slow_Clock/count_reg[12]/R
                            (rising edge-triggered cell FDRE clocked by sys_clk_pin  {rise@0.000ns fall@5.000ns period=10.000ns})
  Path Group:             sys_clk_pin
  Path Type:              Setup (Max at Slow Process Corner)
  Requirement:            10.000ns  (sys_clk_pin rise@10.000ns - sys_clk_pin rise@0.000ns)
  Data Path Delay:        4.672ns  (logic 1.056ns (22.602%)  route 3.616ns (77.398%))
  Logic Levels:           3  (LUT4=2 LUT5=1)
  Clock Path Skew:        -0.021ns (DCD - SCD + CPR)
    Destination Clock Delay (DCD):    4.852ns = ( 14.852 - 10.000 ) 
    Source Clock Delay      (SCD):    5.147ns
    Clock Pessimism Removal (CPR):    0.274ns
  Clock Uncertainty:      0.035ns  ((TSJ^2 + TIJ^2)^1/2 + DJ) / 2 + PE
    Total System Jitter     (TSJ):    0.071ns
    Total Input Jitter      (TIJ):    0.000ns
    Discrete Jitter          (DJ):    0.000ns
    Phase Error              (PE):    0.000ns

    Location             Delay type                Incr(ns)  Path(ns)    Netlist Resource(s)
  -------------------------------------------------------------------    -------------------
                         (clock sys_clk_pin rise edge)
                                                      0.000     0.000 r  
    W5                                                0.000     0.000 r  Clk (IN)
                         net (fo=0)                   0.000     0.000    Clk
    W5                   IBUF (Prop_ibuf_I_O)         1.458     1.458 r  Clk_IBUF_inst/O
                         net (fo=1, routed)           1.967     3.425    Clk_IBUF
    BUFGCTRL_X0Y0        BUFG (Prop_bufg_I_O)         0.096     3.521 r  Clk_IBUF_BUFG_inst/O
                         net (fo=34, routed)          1.626     5.147    Slow_Clock/Clk_IBUF_BUFG
    SLICE_X62Y30         FDRE                                         r  Slow_Clock/count_reg[4]/C
  -------------------------------------------------------------------    -------------------
    SLICE_X62Y30         FDRE (Prop_fdre_C_Q)         0.456     5.603 f  Slow_Clock/count_reg[4]/Q
                         net (fo=2, routed)           0.812     6.415    Slow_Clock/count[4]
    SLICE_X63Y31         LUT4 (Prop_lut4_I1_O)        0.124     6.539 f  Slow_Clock/count[31]_i_7/O
                         net (fo=1, routed)           0.633     7.173    Slow_Clock/count[31]_i_7_n_0
    SLICE_X63Y30         LUT5 (Prop_lut5_I4_O)        0.150     7.323 f  Slow_Clock/count[31]_i_3/O
                         net (fo=3, routed)           1.100     8.423    Slow_Clock/count[31]_i_3_n_0
    SLICE_X63Y36         LUT4 (Prop_lut4_I1_O)        0.326     8.749 r  Slow_Clock/count[31]_i_1/O
                         net (fo=31, routed)          1.070     9.819    Slow_Clock/count[31]_i_1_n_0
    SLICE_X62Y32         FDRE                                         r  Slow_Clock/count_reg[12]/R
  -------------------------------------------------------------------    -------------------

                         (clock sys_clk_pin rise edge)
                                                     10.000    10.000 r  
    W5                                                0.000    10.000 r  Clk (IN)
                         net (fo=0)                   0.000    10.000    Clk
    W5                   IBUF (Prop_ibuf_I_O)         1.388    11.388 r  Clk_IBUF_inst/O
                         net (fo=1, routed)           1.862    13.250    Clk_IBUF
    BUFGCTRL_X0Y0        BUFG (Prop_bufg_I_O)         0.091    13.341 r  Clk_IBUF_BUFG_inst/O
                         net (fo=34, routed)          1.511    14.852    Slow_Clock/Clk_IBUF_BUFG
    SLICE_X62Y32         FDRE                                         r  Slow_Clock/count_reg[12]/C
                         clock pessimism              0.274    15.126    
                         clock uncertainty           -0.035    15.091    
    SLICE_X62Y32         FDRE (Setup_fdre_C_R)       -0.429    14.662    Slow_Clock/count_reg[12]
  -------------------------------------------------------------------
                         required time                         14.662    
                         arrival time                          -9.819    
  -------------------------------------------------------------------
                         slack                                  4.843    

Slack (MET) :             4.843ns  (required time - arrival time)
  Source:                 Slow_Clock/count_reg[4]/C
                            (rising edge-triggered cell FDRE clocked by sys_clk_pin  {rise@0.000ns fall@5.000ns period=10.000ns})
  Destination:            Slow_Clock/count_reg[9]/R
                            (rising edge-triggered cell FDRE clocked by sys_clk_pin  {rise@0.000ns fall@5.000ns period=10.000ns})
  Path Group:             sys_clk_pin
  Path Type:              Setup (Max at Slow Process Corner)
  Requirement:            10.000ns  (sys_clk_pin rise@10.000ns - sys_clk_pin rise@0.000ns)
  Data Path Delay:        4.672ns  (logic 1.056ns (22.602%)  route 3.616ns (77.398%))
  Logic Levels:           3  (LUT4=2 LUT5=1)
  Clock Path Skew:        -0.021ns (DCD - SCD + CPR)
    Destination Clock Delay (DCD):    4.852ns = ( 14.852 - 10.000 ) 
    Source Clock Delay      (SCD):    5.147ns
    Clock Pessimism Removal (CPR):    0.274ns
  Clock Uncertainty:      0.035ns  ((TSJ^2 + TIJ^2)^1/2 + DJ) / 2 + PE
    Total System Jitter     (TSJ):    0.071ns
    Total Input Jitter      (TIJ):    0.000ns
    Discrete Jitter          (DJ):    0.000ns
    Phase Error              (PE):    0.000ns

    Location             Delay type                Incr(ns)  Path(ns)    Netlist Resource(s)
  -------------------------------------------------------------------    -------------------
                         (clock sys_clk_pin rise edge)
                                                      0.000     0.000 r  
    W5                                                0.000     0.000 r  Clk (IN)
                         net (fo=0)                   0.000     0.000    Clk
    W5                   IBUF (Prop_ibuf_I_O)         1.458     1.458 r  Clk_IBUF_inst/O
                         net (fo=1, routed)           1.967     3.425    Clk_IBUF
    BUFGCTRL_X0Y0        BUFG (Prop_bufg_I_O)         0.096     3.521 r  Clk_IBUF_BUFG_inst/O
                         net (fo=34, routed)          1.626     5.147    Slow_Clock/Clk_IBUF_BUFG
    SLICE_X62Y30         FDRE                                         r  Slow_Clock/count_reg[4]/C
  -------------------------------------------------------------------    -------------------
    SLICE_X62Y30         FDRE (Prop_fdre_C_Q)         0.456     5.603 f  Slow_Clock/count_reg[4]/Q
                         net (fo=2, routed)           0.812     6.415    Slow_Clock/count[4]
    SLICE_X63Y31         LUT4 (Prop_lut4_I1_O)        0.124     6.539 f  Slow_Clock/count[31]_i_7/O
                         net (fo=1, routed)           0.633     7.173    Slow_Clock/count[31]_i_7_n_0
    SLICE_X63Y30         LUT5 (Prop_lut5_I4_O)        0.150     7.323 f  Slow_Clock/count[31]_i_3/O
                         net (fo=3, routed)           1.100     8.423    Slow_Clock/count[31]_i_3_n_0
    SLICE_X63Y36         LUT4 (Prop_lut4_I1_O)        0.326     8.749 r  Slow_Clock/count[31]_i_1/O
                         net (fo=31, routed)          1.070     9.819    Slow_Clock/count[31]_i_1_n_0
    SLICE_X62Y32         FDRE                                         r  Slow_Clock/count_reg[9]/R
  -------------------------------------------------------------------    -------------------

                         (clock sys_clk_pin rise edge)
                                                     10.000    10.000 r  
    W5                                                0.000    10.000 r  Clk (IN)
                         net (fo=0)                   0.000    10.000    Clk
    W5                   IBUF (Prop_ibuf_I_O)         1.388    11.388 r  Clk_IBUF_inst/O
                         net (fo=1, routed)           1.862    13.250    Clk_IBUF
    BUFGCTRL_X0Y0        BUFG (Prop_bufg_I_O)         0.091    13.341 r  Clk_IBUF_BUFG_inst/O
                         net (fo=34, routed)          1.511    14.852    Slow_Clock/Clk_IBUF_BUFG
    SLICE_X62Y32         FDRE                                         r  Slow_Clock/count_reg[9]/C
                         clock pessimism              0.274    15.126    
                         clock uncertainty           -0.035    15.091    
    SLICE_X62Y32         FDRE (Setup_fdre_C_R)       -0.429    14.662    Slow_Clock/count_reg[9]
  -------------------------------------------------------------------
                         required time                         14.662    
                         arrival time                          -9.819    
  -------------------------------------------------------------------
                         slack                                  4.843    

Slack (MET) :             4.979ns  (required time - arrival time)
  Source:                 Slow_Clock/count_reg[4]/C
                            (rising edge-triggered cell FDRE clocked by sys_clk_pin  {rise@0.000ns fall@5.000ns period=10.000ns})
  Destination:            Slow_Clock/count_reg[5]/R
                            (rising edge-triggered cell FDRE clocked by sys_clk_pin  {rise@0.000ns fall@5.000ns period=10.000ns})
  Path Group:             sys_clk_pin
  Path Type:              Setup (Max at Slow Process Corner)
  Requirement:            10.000ns  (sys_clk_pin rise@10.000ns - sys_clk_pin rise@0.000ns)
  Data Path Delay:        4.534ns  (logic 1.056ns (23.292%)  route 3.478ns (76.708%))
  Logic Levels:           3  (LUT4=2 LUT5=1)
  Clock Path Skew:        -0.023ns (DCD - SCD + CPR)
    Destination Clock Delay (DCD):    4.850ns = ( 14.850 - 10.000 ) 
    Source Clock Delay      (SCD):    5.147ns
    Clock Pessimism Removal (CPR):    0.274ns
  Clock Uncertainty:      0.035ns  ((TSJ^2 + TIJ^2)^1/2 + DJ) / 2 + PE
    Total System Jitter     (TSJ):    0.071ns
    Total Input Jitter      (TIJ):    0.000ns
    Discrete Jitter          (DJ):    0.000ns
    Phase Error              (PE):    0.000ns

    Location             Delay type                Incr(ns)  Path(ns)    Netlist Resource(s)
  -------------------------------------------------------------------    -------------------
                         (clock sys_clk_pin rise edge)
                                                      0.000     0.000 r  
    W5                                                0.000     0.000 r  Clk (IN)
                         net (fo=0)                   0.000     0.000    Clk
    W5                   IBUF (Prop_ibuf_I_O)         1.458     1.458 r  Clk_IBUF_inst/O
                         net (fo=1, routed)           1.967     3.425    Clk_IBUF
    BUFGCTRL_X0Y0        BUFG (Prop_bufg_I_O)         0.096     3.521 r  Clk_IBUF_BUFG_inst/O
                         net (fo=34, routed)          1.626     5.147    Slow_Clock/Clk_IBUF_BUFG
    SLICE_X62Y30         FDRE                                         r  Slow_Clock/count_reg[4]/C
  -------------------------------------------------------------------    -------------------
    SLICE_X62Y30         FDRE (Prop_fdre_C_Q)         0.456     5.603 f  Slow_Clock/count_reg[4]/Q
                         net (fo=2, routed)           0.812     6.415    Slow_Clock/count[4]
    SLICE_X63Y31         LUT4 (Prop_lut4_I1_O)        0.124     6.539 f  Slow_Clock/count[31]_i_7/O
                         net (fo=1, routed)           0.633     7.173    Slow_Clock/count[31]_i_7_n_0
    SLICE_X63Y30         LUT5 (Prop_lut5_I4_O)        0.150     7.323 f  Slow_Clock/count[31]_i_3/O
                         net (fo=3, routed)           1.100     8.423    Slow_Clock/count[31]_i_3_n_0
    SLICE_X63Y36         LUT4 (Prop_lut4_I1_O)        0.326     8.749 r  Slow_Clock/count[31]_i_1/O
                         net (fo=31, routed)          0.932     9.681    Slow_Clock/count[31]_i_1_n_0
    SLICE_X62Y31         FDRE                                         r  Slow_Clock/count_reg[5]/R
  -------------------------------------------------------------------    -------------------

                         (clock sys_clk_pin rise edge)
                                                     10.000    10.000 r  
    W5                                                0.000    10.000 r  Clk (IN)
                         net (fo=0)                   0.000    10.000    Clk
    W5                   IBUF (Prop_ibuf_I_O)         1.388    11.388 r  Clk_IBUF_inst/O
                         net (fo=1, routed)           1.862    13.250    Clk_IBUF
    BUFGCTRL_X0Y0        BUFG (Prop_bufg_I_O)         0.091    13.341 r  Clk_IBUF_BUFG_inst/O
                         net (fo=34, routed)          1.509    14.850    Slow_Clock/Clk_IBUF_BUFG
    SLICE_X62Y31         FDRE                                         r  Slow_Clock/count_reg[5]/C
                         clock pessimism              0.274    15.124    
                         clock uncertainty           -0.035    15.089    
    SLICE_X62Y31         FDRE (Setup_fdre_C_R)       -0.429    14.660    Slow_Clock/count_reg[5]
  -------------------------------------------------------------------
                         required time                         14.660    
                         arrival time                          -9.681    
  -------------------------------------------------------------------
                         slack                                  4.979    

Slack (MET) :             4.979ns  (required time - arrival time)
  Source:                 Slow_Clock/count_reg[4]/C
                            (rising edge-triggered cell FDRE clocked by sys_clk_pin  {rise@0.000ns fall@5.000ns period=10.000ns})
  Destination:            Slow_Clock/count_reg[6]/R
                            (rising edge-triggered cell FDRE clocked by sys_clk_pin  {rise@0.000ns fall@5.000ns period=10.000ns})
  Path Group:             sys_clk_pin
  Path Type:              Setup (Max at Slow Process Corner)
  Requirement:            10.000ns  (sys_clk_pin rise@10.000ns - sys_clk_pin rise@0.000ns)
  Data Path Delay:        4.534ns  (logic 1.056ns (23.292%)  route 3.478ns (76.708%))
  Logic Levels:           3  (LUT4=2 LUT5=1)
  Clock Path Skew:        -0.023ns (DCD - SCD + CPR)
    Destination Clock Delay (DCD):    4.850ns = ( 14.850 - 10.000 ) 
    Source Clock Delay      (SCD):    5.147ns
    Clock Pessimism Removal (CPR):    0.274ns
  Clock Uncertainty:      0.035ns  ((TSJ^2 + TIJ^2)^1/2 + DJ) / 2 + PE
    Total System Jitter     (TSJ):    0.071ns
    Total Input Jitter      (TIJ):    0.000ns
    Discrete Jitter          (DJ):    0.000ns
    Phase Error              (PE):    0.000ns

    Location             Delay type                Incr(ns)  Path(ns)    Netlist Resource(s)
  -------------------------------------------------------------------    -------------------
                         (clock sys_clk_pin rise edge)
                                                      0.000     0.000 r  
    W5                                                0.000     0.000 r  Clk (IN)
                         net (fo=0)                   0.000     0.000    Clk
    W5                   IBUF (Prop_ibuf_I_O)         1.458     1.458 r  Clk_IBUF_inst/O
                         net (fo=1, routed)           1.967     3.425    Clk_IBUF
    BUFGCTRL_X0Y0        BUFG (Prop_bufg_I_O)         0.096     3.521 r  Clk_IBUF_BUFG_inst/O
                         net (fo=34, routed)          1.626     5.147    Slow_Clock/Clk_IBUF_BUFG
    SLICE_X62Y30         FDRE                                         r  Slow_Clock/count_reg[4]/C
  -------------------------------------------------------------------    -------------------
    SLICE_X62Y30         FDRE (Prop_fdre_C_Q)         0.456     5.603 f  Slow_Clock/count_reg[4]/Q
                         net (fo=2, routed)           0.812     6.415    Slow_Clock/count[4]
    SLICE_X63Y31         LUT4 (Prop_lut4_I1_O)        0.124     6.539 f  Slow_Clock/count[31]_i_7/O
                         net (fo=1, routed)           0.633     7.173    Slow_Clock/count[31]_i_7_n_0
    SLICE_X63Y30         LUT5 (Prop_lut5_I4_O)        0.150     7.323 f  Slow_Clock/count[31]_i_3/O
                         net (fo=3, routed)           1.100     8.423    Slow_Clock/count[31]_i_3_n_0
    SLICE_X63Y36         LUT4 (Prop_lut4_I1_O)        0.326     8.749 r  Slow_Clock/count[31]_i_1/O
                         net (fo=31, routed)          0.932     9.681    Slow_Clock/count[31]_i_1_n_0
    SLICE_X62Y31         FDRE                                         r  Slow_Clock/count_reg[6]/R
  -------------------------------------------------------------------    -------------------

                         (clock sys_clk_pin rise edge)
                                                     10.000    10.000 r  
    W5                                                0.000    10.000 r  Clk (IN)
                         net (fo=0)                   0.000    10.000    Clk
    W5                   IBUF (Prop_ibuf_I_O)         1.388    11.388 r  Clk_IBUF_inst/O
                         net (fo=1, routed)           1.862    13.250    Clk_IBUF
    BUFGCTRL_X0Y0        BUFG (Prop_bufg_I_O)         0.091    13.341 r  Clk_IBUF_BUFG_inst/O
                         net (fo=34, routed)          1.509    14.850    Slow_Clock/Clk_IBUF_BUFG
    SLICE_X62Y31         FDRE                                         r  Slow_Clock/count_reg[6]/C
                         clock pessimism              0.274    15.124    
                         clock uncertainty           -0.035    15.089    
    SLICE_X62Y31         FDRE (Setup_fdre_C_R)       -0.429    14.660    Slow_Clock/count_reg[6]
  -------------------------------------------------------------------
                         required time                         14.660    
                         arrival time                          -9.681    
  -------------------------------------------------------------------
                         slack                                  4.979    

Slack (MET) :             4.979ns  (required time - arrival time)
  Source:                 Slow_Clock/count_reg[4]/C
                            (rising edge-triggered cell FDRE clocked by sys_clk_pin  {rise@0.000ns fall@5.000ns period=10.000ns})
  Destination:            Slow_Clock/count_reg[7]/R
                            (rising edge-triggered cell FDRE clocked by sys_clk_pin  {rise@0.000ns fall@5.000ns period=10.000ns})
  Path Group:             sys_clk_pin
  Path Type:              Setup (Max at Slow Process Corner)
  Requirement:            10.000ns  (sys_clk_pin rise@10.000ns - sys_clk_pin rise@0.000ns)
  Data Path Delay:        4.534ns  (logic 1.056ns (23.292%)  route 3.478ns (76.708%))
  Logic Levels:           3  (LUT4=2 LUT5=1)
  Clock Path Skew:        -0.023ns (DCD - SCD + CPR)
    Destination Clock Delay (DCD):    4.850ns = ( 14.850 - 10.000 ) 
    Source Clock Delay      (SCD):    5.147ns
    Clock Pessimism Removal (CPR):    0.274ns
  Clock Uncertainty:      0.035ns  ((TSJ^2 + TIJ^2)^1/2 + DJ) / 2 + PE
    Total System Jitter     (TSJ):    0.071ns
    Total Input Jitter      (TIJ):    0.000ns
    Discrete Jitter          (DJ):    0.000ns
    Phase Error              (PE):    0.000ns

    Location             Delay type                Incr(ns)  Path(ns)    Netlist Resource(s)
  -------------------------------------------------------------------    -------------------
                         (clock sys_clk_pin rise edge)
                                                      0.000     0.000 r  
    W5                                                0.000     0.000 r  Clk (IN)
                         net (fo=0)                   0.000     0.000    Clk
    W5                   IBUF (Prop_ibuf_I_O)         1.458     1.458 r  Clk_IBUF_inst/O
                         net (fo=1, routed)           1.967     3.425    Clk_IBUF
    BUFGCTRL_X0Y0        BUFG (Prop_bufg_I_O)         0.096     3.521 r  Clk_IBUF_BUFG_inst/O
                         net (fo=34, routed)          1.626     5.147    Slow_Clock/Clk_IBUF_BUFG
    SLICE_X62Y30         FDRE                                         r  Slow_Clock/count_reg[4]/C
  -------------------------------------------------------------------    -------------------
    SLICE_X62Y30         FDRE (Prop_fdre_C_Q)         0.456     5.603 f  Slow_Clock/count_reg[4]/Q
                         net (fo=2, routed)           0.812     6.415    Slow_Clock/count[4]
    SLICE_X63Y31         LUT4 (Prop_lut4_I1_O)        0.124     6.539 f  Slow_Clock/count[31]_i_7/O
                         net (fo=1, routed)           0.633     7.173    Slow_Clock/count[31]_i_7_n_0
    SLICE_X63Y30         LUT5 (Prop_lut5_I4_O)        0.150     7.323 f  Slow_Clock/count[31]_i_3/O
                         net (fo=3, routed)           1.100     8.423    Slow_Clock/count[31]_i_3_n_0
    SLICE_X63Y36         LUT4 (Prop_lut4_I1_O)        0.326     8.749 r  Slow_Clock/count[31]_i_1/O
                         net (fo=31, routed)          0.932     9.681    Slow_Clock/count[31]_i_1_n_0
    SLICE_X62Y31         FDRE                                         r  Slow_Clock/count_reg[7]/R
  -------------------------------------------------------------------    -------------------

                         (clock sys_clk_pin rise edge)
                                                     10.000    10.000 r  
    W5                                                0.000    10.000 r  Clk (IN)
                         net (fo=0)                   0.000    10.000    Clk
    W5                   IBUF (Prop_ibuf_I_O)         1.388    11.388 r  Clk_IBUF_inst/O
                         net (fo=1, routed)           1.862    13.250    Clk_IBUF
    BUFGCTRL_X0Y0        BUFG (Prop_bufg_I_O)         0.091    13.341 r  Clk_IBUF_BUFG_inst/O
                         net (fo=34, routed)          1.509    14.850    Slow_Clock/Clk_IBUF_BUFG
    SLICE_X62Y31         FDRE                                         r  Slow_Clock/count_reg[7]/C
                         clock pessimism              0.274    15.124    
                         clock uncertainty           -0.035    15.089    
    SLICE_X62Y31         FDRE (Setup_fdre_C_R)       -0.429    14.660    Slow_Clock/count_reg[7]
  -------------------------------------------------------------------
                         required time                         14.660    
                         arrival time                          -9.681    
  -------------------------------------------------------------------
                         slack                                  4.979    

Slack (MET) :             4.979ns  (required time - arrival time)
  Source:                 Slow_Clock/count_reg[4]/C
                            (rising edge-triggered cell FDRE clocked by sys_clk_pin  {rise@0.000ns fall@5.000ns period=10.000ns})
  Destination:            Slow_Clock/count_reg[8]/R
                            (rising edge-triggered cell FDRE clocked by sys_clk_pin  {rise@0.000ns fall@5.000ns period=10.000ns})
  Path Group:             sys_clk_pin
  Path Type:              Setup (Max at Slow Process Corner)
  Requirement:            10.000ns  (sys_clk_pin rise@10.000ns - sys_clk_pin rise@0.000ns)
  Data Path Delay:        4.534ns  (logic 1.056ns (23.292%)  route 3.478ns (76.708%))
  Logic Levels:           3  (LUT4=2 LUT5=1)
  Clock Path Skew:        -0.023ns (DCD - SCD + CPR)
    Destination Clock Delay (DCD):    4.850ns = ( 14.850 - 10.000 ) 
    Source Clock Delay      (SCD):    5.147ns
    Clock Pessimism Removal (CPR):    0.274ns
  Clock Uncertainty:      0.035ns  ((TSJ^2 + TIJ^2)^1/2 + DJ) / 2 + PE
    Total System Jitter     (TSJ):    0.071ns
    Total Input Jitter      (TIJ):    0.000ns
    Discrete Jitter          (DJ):    0.000ns
    Phase Error              (PE):    0.000ns

    Location             Delay type                Incr(ns)  Path(ns)    Netlist Resource(s)
  -------------------------------------------------------------------    -------------------
                         (clock sys_clk_pin rise edge)
                                                      0.000     0.000 r  
    W5                                                0.000     0.000 r  Clk (IN)
                         net (fo=0)                   0.000     0.000    Clk
    W5                   IBUF (Prop_ibuf_I_O)         1.458     1.458 r  Clk_IBUF_inst/O
                         net (fo=1, routed)           1.967     3.425    Clk_IBUF
    BUFGCTRL_X0Y0        BUFG (Prop_bufg_I_O)         0.096     3.521 r  Clk_IBUF_BUFG_inst/O
                         net (fo=34, routed)          1.626     5.147    Slow_Clock/Clk_IBUF_BUFG
    SLICE_X62Y30         FDRE                                         r  Slow_Clock/count_reg[4]/C
  -------------------------------------------------------------------    -------------------
    SLICE_X62Y30         FDRE (Prop_fdre_C_Q)         0.456     5.603 f  Slow_Clock/count_reg[4]/Q
                         net (fo=2, routed)           0.812     6.415    Slow_Clock/count[4]
    SLICE_X63Y31         LUT4 (Prop_lut4_I1_O)        0.124     6.539 f  Slow_Clock/count[31]_i_7/O
                         net (fo=1, routed)           0.633     7.173    Slow_Clock/count[31]_i_7_n_0
    SLICE_X63Y30         LUT5 (Prop_lut5_I4_O)        0.150     7.323 f  Slow_Clock/count[31]_i_3/O
                         net (fo=3, routed)           1.100     8.423    Slow_Clock/count[31]_i_3_n_0
    SLICE_X63Y36         LUT4 (Prop_lut4_I1_O)        0.326     8.749 r  Slow_Clock/count[31]_i_1/O
                         net (fo=31, routed)          0.932     9.681    Slow_Clock/count[31]_i_1_n_0
    SLICE_X62Y31         FDRE                                         r  Slow_Clock/count_reg[8]/R
  -------------------------------------------------------------------    -------------------

                         (clock sys_clk_pin rise edge)
                                                     10.000    10.000 r  
    W5                                                0.000    10.000 r  Clk (IN)
                         net (fo=0)                   0.000    10.000    Clk
    W5                   IBUF (Prop_ibuf_I_O)         1.388    11.388 r  Clk_IBUF_inst/O
                         net (fo=1, routed)           1.862    13.250    Clk_IBUF
    BUFGCTRL_X0Y0        BUFG (Prop_bufg_I_O)         0.091    13.341 r  Clk_IBUF_BUFG_inst/O
                         net (fo=34, routed)          1.509    14.850    Slow_Clock/Clk_IBUF_BUFG
    SLICE_X62Y31         FDRE                                         r  Slow_Clock/count_reg[8]/C
                         clock pessimism              0.274    15.124    
                         clock uncertainty           -0.035    15.089    
    SLICE_X62Y31         FDRE (Setup_fdre_C_R)       -0.429    14.660    Slow_Clock/count_reg[8]
  -------------------------------------------------------------------
                         required time                         14.660    
                         arrival time                          -9.681    
  -------------------------------------------------------------------
                         slack                                  4.979    

Slack (MET) :             5.015ns  (required time - arrival time)
  Source:                 Slow_Clock/count_reg[4]/C
                            (rising edge-triggered cell FDRE clocked by sys_clk_pin  {rise@0.000ns fall@5.000ns period=10.000ns})
  Destination:            Slow_Clock/count_reg[13]/R
                            (rising edge-triggered cell FDRE clocked by sys_clk_pin  {rise@0.000ns fall@5.000ns period=10.000ns})
  Path Group:             sys_clk_pin
  Path Type:              Setup (Max at Slow Process Corner)
  Requirement:            10.000ns  (sys_clk_pin rise@10.000ns - sys_clk_pin rise@0.000ns)
  Data Path Delay:        4.501ns  (logic 1.056ns (23.463%)  route 3.445ns (76.537%))
  Logic Levels:           3  (LUT4=2 LUT5=1)
  Clock Path Skew:        -0.020ns (DCD - SCD + CPR)
    Destination Clock Delay (DCD):    4.853ns = ( 14.853 - 10.000 ) 
    Source Clock Delay      (SCD):    5.147ns
    Clock Pessimism Removal (CPR):    0.274ns
  Clock Uncertainty:      0.035ns  ((TSJ^2 + TIJ^2)^1/2 + DJ) / 2 + PE
    Total System Jitter     (TSJ):    0.071ns
    Total Input Jitter      (TIJ):    0.000ns
    Discrete Jitter          (DJ):    0.000ns
    Phase Error              (PE):    0.000ns

    Location             Delay type                Incr(ns)  Path(ns)    Netlist Resource(s)
  -------------------------------------------------------------------    -------------------
                         (clock sys_clk_pin rise edge)
                                                      0.000     0.000 r  
    W5                                                0.000     0.000 r  Clk (IN)
                         net (fo=0)                   0.000     0.000    Clk
    W5                   IBUF (Prop_ibuf_I_O)         1.458     1.458 r  Clk_IBUF_inst/O
                         net (fo=1, routed)           1.967     3.425    Clk_IBUF
    BUFGCTRL_X0Y0        BUFG (Prop_bufg_I_O)         0.096     3.521 r  Clk_IBUF_BUFG_inst/O
                         net (fo=34, routed)          1.626     5.147    Slow_Clock/Clk_IBUF_BUFG
    SLICE_X62Y30         FDRE                                         r  Slow_Clock/count_reg[4]/C
  -------------------------------------------------------------------    -------------------
    SLICE_X62Y30         FDRE (Prop_fdre_C_Q)         0.456     5.603 f  Slow_Clock/count_reg[4]/Q
                         net (fo=2, routed)           0.812     6.415    Slow_Clock/count[4]
    SLICE_X63Y31         LUT4 (Prop_lut4_I1_O)        0.124     6.539 f  Slow_Clock/count[31]_i_7/O
                         net (fo=1, routed)           0.633     7.173    Slow_Clock/count[31]_i_7_n_0
    SLICE_X63Y30         LUT5 (Prop_lut5_I4_O)        0.150     7.323 f  Slow_Clock/count[31]_i_3/O
                         net (fo=3, routed)           1.100     8.423    Slow_Clock/count[31]_i_3_n_0
    SLICE_X63Y36         LUT4 (Prop_lut4_I1_O)        0.326     8.749 r  Slow_Clock/count[31]_i_1/O
                         net (fo=31, routed)          0.899     9.648    Slow_Clock/count[31]_i_1_n_0
    SLICE_X62Y33         FDRE                                         r  Slow_Clock/count_reg[13]/R
  -------------------------------------------------------------------    -------------------

                         (clock sys_clk_pin rise edge)
                                                     10.000    10.000 r  
    W5                                                0.000    10.000 r  Clk (IN)
                         net (fo=0)                   0.000    10.000    Clk
    W5                   IBUF (Prop_ibuf_I_O)         1.388    11.388 r  Clk_IBUF_inst/O
                         net (fo=1, routed)           1.862    13.250    Clk_IBUF
    BUFGCTRL_X0Y0        BUFG (Prop_bufg_I_O)         0.091    13.341 r  Clk_IBUF_BUFG_inst/O
                         net (fo=34, routed)          1.512    14.853    Slow_Clock/Clk_IBUF_BUFG
    SLICE_X62Y33         FDRE                                         r  Slow_Clock/count_reg[13]/C
                         clock pessimism              0.274    15.127    
                         clock uncertainty           -0.035    15.092    
    SLICE_X62Y33         FDRE (Setup_fdre_C_R)       -0.429    14.663    Slow_Clock/count_reg[13]
  -------------------------------------------------------------------
                         required time                         14.663    
                         arrival time                          -9.648    
  -------------------------------------------------------------------
                         slack                                  5.015    

Slack (MET) :             5.015ns  (required time - arrival time)
  Source:                 Slow_Clock/count_reg[4]/C
                            (rising edge-triggered cell FDRE clocked by sys_clk_pin  {rise@0.000ns fall@5.000ns period=10.000ns})
  Destination:            Slow_Clock/count_reg[14]/R
                            (rising edge-triggered cell FDRE clocked by sys_clk_pin  {rise@0.000ns fall@5.000ns period=10.000ns})
  Path Group:             sys_clk_pin
  Path Type:              Setup (Max at Slow Process Corner)
  Requirement:            10.000ns  (sys_clk_pin rise@10.000ns - sys_clk_pin rise@0.000ns)
  Data Path Delay:        4.501ns  (logic 1.056ns (23.463%)  route 3.445ns (76.537%))
  Logic Levels:           3  (LUT4=2 LUT5=1)
  Clock Path Skew:        -0.020ns (DCD - SCD + CPR)
    Destination Clock Delay (DCD):    4.853ns = ( 14.853 - 10.000 ) 
    Source Clock Delay      (SCD):    5.147ns
    Clock Pessimism Removal (CPR):    0.274ns
  Clock Uncertainty:      0.035ns  ((TSJ^2 + TIJ^2)^1/2 + DJ) / 2 + PE
    Total System Jitter     (TSJ):    0.071ns
    Total Input Jitter      (TIJ):    0.000ns
    Discrete Jitter          (DJ):    0.000ns
    Phase Error              (PE):    0.000ns

    Location             Delay type                Incr(ns)  Path(ns)    Netlist Resource(s)
  -------------------------------------------------------------------    -------------------
                         (clock sys_clk_pin rise edge)
                                                      0.000     0.000 r  
    W5                                                0.000     0.000 r  Clk (IN)
                         net (fo=0)                   0.000     0.000    Clk
    W5                   IBUF (Prop_ibuf_I_O)         1.458     1.458 r  Clk_IBUF_inst/O
                         net (fo=1, routed)           1.967     3.425    Clk_IBUF
    BUFGCTRL_X0Y0        BUFG (Prop_bufg_I_O)         0.096     3.521 r  Clk_IBUF_BUFG_inst/O
                         net (fo=34, routed)          1.626     5.147    Slow_Clock/Clk_IBUF_BUFG
    SLICE_X62Y30         FDRE                                         r  Slow_Clock/count_reg[4]/C
  -------------------------------------------------------------------    -------------------
    SLICE_X62Y30         FDRE (Prop_fdre_C_Q)         0.456     5.603 f  Slow_Clock/count_reg[4]/Q
                         net (fo=2, routed)           0.812     6.415    Slow_Clock/count[4]
    SLICE_X63Y31         LUT4 (Prop_lut4_I1_O)        0.124     6.539 f  Slow_Clock/count[31]_i_7/O
                         net (fo=1, routed)           0.633     7.173    Slow_Clock/count[31]_i_7_n_0
    SLICE_X63Y30         LUT5 (Prop_lut5_I4_O)        0.150     7.323 f  Slow_Clock/count[31]_i_3/O
                         net (fo=3, routed)           1.100     8.423    Slow_Clock/count[31]_i_3_n_0
    SLICE_X63Y36         LUT4 (Prop_lut4_I1_O)        0.326     8.749 r  Slow_Clock/count[31]_i_1/O
                         net (fo=31, routed)          0.899     9.648    Slow_Clock/count[31]_i_1_n_0
    SLICE_X62Y33         FDRE                                         r  Slow_Clock/count_reg[14]/R
  -------------------------------------------------------------------    -------------------

                         (clock sys_clk_pin rise edge)
                                                     10.000    10.000 r  
    W5                                                0.000    10.000 r  Clk (IN)
                         net (fo=0)                   0.000    10.000    Clk
    W5                   IBUF (Prop_ibuf_I_O)         1.388    11.388 r  Clk_IBUF_inst/O
                         net (fo=1, routed)           1.862    13.250    Clk_IBUF
    BUFGCTRL_X0Y0        BUFG (Prop_bufg_I_O)         0.091    13.341 r  Clk_IBUF_BUFG_inst/O
                         net (fo=34, routed)          1.512    14.853    Slow_Clock/Clk_IBUF_BUFG
    SLICE_X62Y33         FDRE                                         r  Slow_Clock/count_reg[14]/C
                         clock pessimism              0.274    15.127    
                         clock uncertainty           -0.035    15.092    
    SLICE_X62Y33         FDRE (Setup_fdre_C_R)       -0.429    14.663    Slow_Clock/count_reg[14]
  -------------------------------------------------------------------
                         required time                         14.663    
                         arrival time                          -9.648    
  -------------------------------------------------------------------
                         slack                                  5.015    





Min Delay Paths
--------------------------------------------------------------------------------------
Slack (MET) :             0.280ns  (arrival time - required time)
  Source:                 Slow_Clock/count_reg[31]/C
                            (rising edge-triggered cell FDRE clocked by sys_clk_pin  {rise@0.000ns fall@5.000ns period=10.000ns})
  Destination:            Slow_Clock/count_reg[31]/D
                            (rising edge-triggered cell FDRE clocked by sys_clk_pin  {rise@0.000ns fall@5.000ns period=10.000ns})
  Path Group:             sys_clk_pin
  Path Type:              Hold (Min at Fast Process Corner)
  Requirement:            0.000ns  (sys_clk_pin rise@0.000ns - sys_clk_pin rise@0.000ns)
  Data Path Delay:        0.385ns  (logic 0.252ns (65.529%)  route 0.133ns (34.471%))
  Logic Levels:           1  (CARRY4=1)
  Clock Path Skew:        0.000ns (DCD - SCD - CPR)
    Destination Clock Delay (DCD):    1.989ns
    Source Clock Delay      (SCD):    1.475ns
    Clock Pessimism Removal (CPR):    0.514ns

    Location             Delay type                Incr(ns)  Path(ns)    Netlist Resource(s)
  -------------------------------------------------------------------    -------------------
                         (clock sys_clk_pin rise edge)
                                                      0.000     0.000 r  
    W5                                                0.000     0.000 r  Clk (IN)
                         net (fo=0)                   0.000     0.000    Clk
    W5                   IBUF (Prop_ibuf_I_O)         0.226     0.226 r  Clk_IBUF_inst/O
                         net (fo=1, routed)           0.631     0.858    Clk_IBUF
    BUFGCTRL_X0Y0        BUFG (Prop_bufg_I_O)         0.026     0.884 r  Clk_IBUF_BUFG_inst/O
                         net (fo=34, routed)          0.592     1.475    Slow_Clock/Clk_IBUF_BUFG
    SLICE_X62Y37         FDRE                                         r  Slow_Clock/count_reg[31]/C
  -------------------------------------------------------------------    -------------------
    SLICE_X62Y37         FDRE (Prop_fdre_C_Q)         0.141     1.616 r  Slow_Clock/count_reg[31]/Q
                         net (fo=2, routed)           0.133     1.749    Slow_Clock/count[31]
    SLICE_X62Y37         CARRY4 (Prop_carry4_S[2]_O[2])
                                                      0.111     1.860 r  Slow_Clock/count0_carry__6/O[2]
                         net (fo=1, routed)           0.000     1.860    Slow_Clock/data0[31]
    SLICE_X62Y37         FDRE                                         r  Slow_Clock/count_reg[31]/D
  -------------------------------------------------------------------    -------------------

                         (clock sys_clk_pin rise edge)
                                                      0.000     0.000 r  
    W5                                                0.000     0.000 r  Clk (IN)
                         net (fo=0)                   0.000     0.000    Clk
    W5                   IBUF (Prop_ibuf_I_O)         0.414     0.414 r  Clk_IBUF_inst/O
                         net (fo=1, routed)           0.685     1.099    Clk_IBUF
    BUFGCTRL_X0Y0        BUFG (Prop_bufg_I_O)         0.029     1.128 r  Clk_IBUF_BUFG_inst/O
                         net (fo=34, routed)          0.862     1.989    Slow_Clock/Clk_IBUF_BUFG
    SLICE_X62Y37         FDRE                                         r  Slow_Clock/count_reg[31]/C
                         clock pessimism             -0.514     1.475    
    SLICE_X62Y37         FDRE (Hold_fdre_C_D)         0.105     1.580    Slow_Clock/count_reg[31]
  -------------------------------------------------------------------
                         required time                         -1.580    
                         arrival time                           1.860    
  -------------------------------------------------------------------
                         slack                                  0.280    

Slack (MET) :             0.280ns  (arrival time - required time)
  Source:                 Slow_Clock/count_reg[23]/C
                            (rising edge-triggered cell FDRE clocked by sys_clk_pin  {rise@0.000ns fall@5.000ns period=10.000ns})
  Destination:            Slow_Clock/count_reg[23]/D
                            (rising edge-triggered cell FDRE clocked by sys_clk_pin  {rise@0.000ns fall@5.000ns period=10.000ns})
  Path Group:             sys_clk_pin
  Path Type:              Hold (Min at Fast Process Corner)
  Requirement:            0.000ns  (sys_clk_pin rise@0.000ns - sys_clk_pin rise@0.000ns)
  Data Path Delay:        0.385ns  (logic 0.252ns (65.529%)  route 0.133ns (34.471%))
  Logic Levels:           1  (CARRY4=1)
  Clock Path Skew:        0.000ns (DCD - SCD - CPR)
    Destination Clock Delay (DCD):    1.988ns
    Source Clock Delay      (SCD):    1.474ns
    Clock Pessimism Removal (CPR):    0.514ns

    Location             Delay type                Incr(ns)  Path(ns)    Netlist Resource(s)
  -------------------------------------------------------------------    -------------------
                         (clock sys_clk_pin rise edge)
                                                      0.000     0.000 r  
    W5                                                0.000     0.000 r  Clk (IN)
                         net (fo=0)                   0.000     0.000    Clk
    W5                   IBUF (Prop_ibuf_I_O)         0.226     0.226 r  Clk_IBUF_inst/O
                         net (fo=1, routed)           0.631     0.858    Clk_IBUF
    BUFGCTRL_X0Y0        BUFG (Prop_bufg_I_O)         0.026     0.884 r  Clk_IBUF_BUFG_inst/O
                         net (fo=34, routed)          0.591     1.474    Slow_Clock/Clk_IBUF_BUFG
    SLICE_X62Y35         FDRE                                         r  Slow_Clock/count_reg[23]/C
  -------------------------------------------------------------------    -------------------
    SLICE_X62Y35         FDRE (Prop_fdre_C_Q)         0.141     1.615 r  Slow_Clock/count_reg[23]/Q
                         net (fo=2, routed)           0.133     1.748    Slow_Clock/count[23]
    SLICE_X62Y35         CARRY4 (Prop_carry4_S[2]_O[2])
                                                      0.111     1.859 r  Slow_Clock/count0_carry__4/O[2]
                         net (fo=1, routed)           0.000     1.859    Slow_Clock/data0[23]
    SLICE_X62Y35         FDRE                                         r  Slow_Clock/count_reg[23]/D
  -------------------------------------------------------------------    -------------------

                         (clock sys_clk_pin rise edge)
                                                      0.000     0.000 r  
    W5                                                0.000     0.000 r  Clk (IN)
                         net (fo=0)                   0.000     0.000    Clk
    W5                   IBUF (Prop_ibuf_I_O)         0.414     0.414 r  Clk_IBUF_inst/O
                         net (fo=1, routed)           0.685     1.099    Clk_IBUF
    BUFGCTRL_X0Y0        BUFG (Prop_bufg_I_O)         0.029     1.128 r  Clk_IBUF_BUFG_inst/O
                         net (fo=34, routed)          0.861     1.988    Slow_Clock/Clk_IBUF_BUFG
    SLICE_X62Y35         FDRE                                         r  Slow_Clock/count_reg[23]/C
                         clock pessimism             -0.514     1.474    
    SLICE_X62Y35         FDRE (Hold_fdre_C_D)         0.105     1.579    Slow_Clock/count_reg[23]
  -------------------------------------------------------------------
                         required time                         -1.579    
                         arrival time                           1.859    
  -------------------------------------------------------------------
                         slack                                  0.280    

Slack (MET) :             0.280ns  (arrival time - required time)
  Source:                 Slow_Clock/count_reg[27]/C
                            (rising edge-triggered cell FDRE clocked by sys_clk_pin  {rise@0.000ns fall@5.000ns period=10.000ns})
  Destination:            Slow_Clock/count_reg[27]/D
                            (rising edge-triggered cell FDRE clocked by sys_clk_pin  {rise@0.000ns fall@5.000ns period=10.000ns})
  Path Group:             sys_clk_pin
  Path Type:              Hold (Min at Fast Process Corner)
  Requirement:            0.000ns  (sys_clk_pin rise@0.000ns - sys_clk_pin rise@0.000ns)
  Data Path Delay:        0.385ns  (logic 0.252ns (65.529%)  route 0.133ns (34.471%))
  Logic Levels:           1  (CARRY4=1)
  Clock Path Skew:        0.000ns (DCD - SCD - CPR)
    Destination Clock Delay (DCD):    1.988ns
    Source Clock Delay      (SCD):    1.474ns
    Clock Pessimism Removal (CPR):    0.514ns

    Location             Delay type                Incr(ns)  Path(ns)    Netlist Resource(s)
  -------------------------------------------------------------------    -------------------
                         (clock sys_clk_pin rise edge)
                                                      0.000     0.000 r  
    W5                                                0.000     0.000 r  Clk (IN)
                         net (fo=0)                   0.000     0.000    Clk
    W5                   IBUF (Prop_ibuf_I_O)         0.226     0.226 r  Clk_IBUF_inst/O
                         net (fo=1, routed)           0.631     0.858    Clk_IBUF
    BUFGCTRL_X0Y0        BUFG (Prop_bufg_I_O)         0.026     0.884 r  Clk_IBUF_BUFG_inst/O
                         net (fo=34, routed)          0.591     1.474    Slow_Clock/Clk_IBUF_BUFG
    SLICE_X62Y36         FDRE                                         r  Slow_Clock/count_reg[27]/C
  -------------------------------------------------------------------    -------------------
    SLICE_X62Y36         FDRE (Prop_fdre_C_Q)         0.141     1.615 r  Slow_Clock/count_reg[27]/Q
                         net (fo=2, routed)           0.133     1.748    Slow_Clock/count[27]
    SLICE_X62Y36         CARRY4 (Prop_carry4_S[2]_O[2])
                                                      0.111     1.859 r  Slow_Clock/count0_carry__5/O[2]
                         net (fo=1, routed)           0.000     1.859    Slow_Clock/data0[27]
    SLICE_X62Y36         FDRE                                         r  Slow_Clock/count_reg[27]/D
  -------------------------------------------------------------------    -------------------

                         (clock sys_clk_pin rise edge)
                                                      0.000     0.000 r  
    W5                                                0.000     0.000 r  Clk (IN)
                         net (fo=0)                   0.000     0.000    Clk
    W5                   IBUF (Prop_ibuf_I_O)         0.414     0.414 r  Clk_IBUF_inst/O
                         net (fo=1, routed)           0.685     1.099    Clk_IBUF
    BUFGCTRL_X0Y0        BUFG (Prop_bufg_I_O)         0.029     1.128 r  Clk_IBUF_BUFG_inst/O
                         net (fo=34, routed)          0.861     1.988    Slow_Clock/Clk_IBUF_BUFG
    SLICE_X62Y36         FDRE                                         r  Slow_Clock/count_reg[27]/C
                         clock pessimism             -0.514     1.474    
    SLICE_X62Y36         FDRE (Hold_fdre_C_D)         0.105     1.579    Slow_Clock/count_reg[27]
  -------------------------------------------------------------------
                         required time                         -1.579    
                         arrival time                           1.859    
  -------------------------------------------------------------------
                         slack                                  0.280    

Slack (MET) :             0.280ns  (arrival time - required time)
  Source:                 Slow_Clock/count_reg[7]/C
                            (rising edge-triggered cell FDRE clocked by sys_clk_pin  {rise@0.000ns fall@5.000ns period=10.000ns})
  Destination:            Slow_Clock/count_reg[7]/D
                            (rising edge-triggered cell FDRE clocked by sys_clk_pin  {rise@0.000ns fall@5.000ns period=10.000ns})
  Path Group:             sys_clk_pin
  Path Type:              Hold (Min at Fast Process Corner)
  Requirement:            0.000ns  (sys_clk_pin rise@0.000ns - sys_clk_pin rise@0.000ns)
  Data Path Delay:        0.385ns  (logic 0.252ns (65.529%)  route 0.133ns (34.471%))
  Logic Levels:           1  (CARRY4=1)
  Clock Path Skew:        0.000ns (DCD - SCD - CPR)
    Destination Clock Delay (DCD):    1.984ns
    Source Clock Delay      (SCD):    1.471ns
    Clock Pessimism Removal (CPR):    0.513ns

    Location             Delay type                Incr(ns)  Path(ns)    Netlist Resource(s)
  -------------------------------------------------------------------    -------------------
                         (clock sys_clk_pin rise edge)
                                                      0.000     0.000 r  
    W5                                                0.000     0.000 r  Clk (IN)
                         net (fo=0)                   0.000     0.000    Clk
    W5                   IBUF (Prop_ibuf_I_O)         0.226     0.226 r  Clk_IBUF_inst/O
                         net (fo=1, routed)           0.631     0.858    Clk_IBUF
    BUFGCTRL_X0Y0        BUFG (Prop_bufg_I_O)         0.026     0.884 r  Clk_IBUF_BUFG_inst/O
                         net (fo=34, routed)          0.588     1.471    Slow_Clock/Clk_IBUF_BUFG
    SLICE_X62Y31         FDRE                                         r  Slow_Clock/count_reg[7]/C
  -------------------------------------------------------------------    -------------------
    SLICE_X62Y31         FDRE (Prop_fdre_C_Q)         0.141     1.612 r  Slow_Clock/count_reg[7]/Q
                         net (fo=2, routed)           0.133     1.745    Slow_Clock/count[7]
    SLICE_X62Y31         CARRY4 (Prop_carry4_S[2]_O[2])
                                                      0.111     1.856 r  Slow_Clock/count0_carry__0/O[2]
                         net (fo=1, routed)           0.000     1.856    Slow_Clock/data0[7]
    SLICE_X62Y31         FDRE                                         r  Slow_Clock/count_reg[7]/D
  -------------------------------------------------------------------    -------------------

                         (clock sys_clk_pin rise edge)
                                                      0.000     0.000 r  
    W5                                                0.000     0.000 r  Clk (IN)
                         net (fo=0)                   0.000     0.000    Clk
    W5                   IBUF (Prop_ibuf_I_O)         0.414     0.414 r  Clk_IBUF_inst/O
                         net (fo=1, routed)           0.685     1.099    Clk_IBUF
    BUFGCTRL_X0Y0        BUFG (Prop_bufg_I_O)         0.029     1.128 r  Clk_IBUF_BUFG_inst/O
                         net (fo=34, routed)          0.857     1.984    Slow_Clock/Clk_IBUF_BUFG
    SLICE_X62Y31         FDRE                                         r  Slow_Clock/count_reg[7]/C
                         clock pessimism             -0.513     1.471    
    SLICE_X62Y31         FDRE (Hold_fdre_C_D)         0.105     1.576    Slow_Clock/count_reg[7]
  -------------------------------------------------------------------
                         required time                         -1.576    
                         arrival time                           1.856    
  -------------------------------------------------------------------
                         slack                                  0.280    

Slack (MET) :             0.280ns  (arrival time - required time)
  Source:                 Slow_Clock/count_reg[3]/C
                            (rising edge-triggered cell FDRE clocked by sys_clk_pin  {rise@0.000ns fall@5.000ns period=10.000ns})
  Destination:            Slow_Clock/count_reg[3]/D
                            (rising edge-triggered cell FDRE clocked by sys_clk_pin  {rise@0.000ns fall@5.000ns period=10.000ns})
  Path Group:             sys_clk_pin
  Path Type:              Hold (Min at Fast Process Corner)
  Requirement:            0.000ns  (sys_clk_pin rise@0.000ns - sys_clk_pin rise@0.000ns)
  Data Path Delay:        0.385ns  (logic 0.252ns (65.465%)  route 0.133ns (34.535%))
  Logic Levels:           1  (CARRY4=1)
  Clock Path Skew:        0.000ns (DCD - SCD - CPR)
    Destination Clock Delay (DCD):    1.983ns
    Source Clock Delay      (SCD):    1.470ns
    Clock Pessimism Removal (CPR):    0.513ns

    Location             Delay type                Incr(ns)  Path(ns)    Netlist Resource(s)
  -------------------------------------------------------------------    -------------------
                         (clock sys_clk_pin rise edge)
                                                      0.000     0.000 r  
    W5                                                0.000     0.000 r  Clk (IN)
                         net (fo=0)                   0.000     0.000    Clk
    W5                   IBUF (Prop_ibuf_I_O)         0.226     0.226 r  Clk_IBUF_inst/O
                         net (fo=1, routed)           0.631     0.858    Clk_IBUF
    BUFGCTRL_X0Y0        BUFG (Prop_bufg_I_O)         0.026     0.884 r  Clk_IBUF_BUFG_inst/O
                         net (fo=34, routed)          0.587     1.470    Slow_Clock/Clk_IBUF_BUFG
    SLICE_X62Y30         FDRE                                         r  Slow_Clock/count_reg[3]/C
  -------------------------------------------------------------------    -------------------
    SLICE_X62Y30         FDRE (Prop_fdre_C_Q)         0.141     1.611 r  Slow_Clock/count_reg[3]/Q
                         net (fo=2, routed)           0.133     1.744    Slow_Clock/count[3]
    SLICE_X62Y30         CARRY4 (Prop_carry4_S[2]_O[2])
                                                      0.111     1.855 r  Slow_Clock/count0_carry/O[2]
                         net (fo=1, routed)           0.000     1.855    Slow_Clock/data0[3]
    SLICE_X62Y30         FDRE                                         r  Slow_Clock/count_reg[3]/D
  -------------------------------------------------------------------    -------------------

                         (clock sys_clk_pin rise edge)
                                                      0.000     0.000 r  
    W5                                                0.000     0.000 r  Clk (IN)
                         net (fo=0)                   0.000     0.000    Clk
    W5                   IBUF (Prop_ibuf_I_O)         0.414     0.414 r  Clk_IBUF_inst/O
                         net (fo=1, routed)           0.685     1.099    Clk_IBUF
    BUFGCTRL_X0Y0        BUFG (Prop_bufg_I_O)         0.029     1.128 r  Clk_IBUF_BUFG_inst/O
                         net (fo=34, routed)          0.856     1.983    Slow_Clock/Clk_IBUF_BUFG
    SLICE_X62Y30         FDRE                                         r  Slow_Clock/count_reg[3]/C
                         clock pessimism             -0.513     1.470    
    SLICE_X62Y30         FDRE (Hold_fdre_C_D)         0.105     1.575    Slow_Clock/count_reg[3]
  -------------------------------------------------------------------
                         required time                         -1.575    
                         arrival time                           1.855    
  -------------------------------------------------------------------
                         slack                                  0.280    

Slack (MET) :             0.281ns  (arrival time - required time)
  Source:                 Slow_Clock/count_reg[15]/C
                            (rising edge-triggered cell FDRE clocked by sys_clk_pin  {rise@0.000ns fall@5.000ns period=10.000ns})
  Destination:            Slow_Clock/count_reg[15]/D
                            (rising edge-triggered cell FDRE clocked by sys_clk_pin  {rise@0.000ns fall@5.000ns period=10.000ns})
  Path Group:             sys_clk_pin
  Path Type:              Hold (Min at Fast Process Corner)
  Requirement:            0.000ns  (sys_clk_pin rise@0.000ns - sys_clk_pin rise@0.000ns)
  Data Path Delay:        0.386ns  (logic 0.252ns (65.354%)  route 0.134ns (34.646%))
  Logic Levels:           1  (CARRY4=1)
  Clock Path Skew:        0.000ns (DCD - SCD - CPR)
    Destination Clock Delay (DCD):    1.986ns
    Source Clock Delay      (SCD):    1.473ns
    Clock Pessimism Removal (CPR):    0.513ns

    Location             Delay type                Incr(ns)  Path(ns)    Netlist Resource(s)
  -------------------------------------------------------------------    -------------------
                         (clock sys_clk_pin rise edge)
                                                      0.000     0.000 r  
    W5                                                0.000     0.000 r  Clk (IN)
                         net (fo=0)                   0.000     0.000    Clk
    W5                   IBUF (Prop_ibuf_I_O)         0.226     0.226 r  Clk_IBUF_inst/O
                         net (fo=1, routed)           0.631     0.858    Clk_IBUF
    BUFGCTRL_X0Y0        BUFG (Prop_bufg_I_O)         0.026     0.884 r  Clk_IBUF_BUFG_inst/O
                         net (fo=34, routed)          0.590     1.473    Slow_Clock/Clk_IBUF_BUFG
    SLICE_X62Y33         FDRE                                         r  Slow_Clock/count_reg[15]/C
  -------------------------------------------------------------------    -------------------
    SLICE_X62Y33         FDRE (Prop_fdre_C_Q)         0.141     1.614 r  Slow_Clock/count_reg[15]/Q
                         net (fo=2, routed)           0.134     1.748    Slow_Clock/count[15]
    SLICE_X62Y33         CARRY4 (Prop_carry4_S[2]_O[2])
                                                      0.111     1.859 r  Slow_Clock/count0_carry__2/O[2]
                         net (fo=1, routed)           0.000     1.859    Slow_Clock/data0[15]
    SLICE_X62Y33         FDRE                                         r  Slow_Clock/count_reg[15]/D
  -------------------------------------------------------------------    -------------------

                         (clock sys_clk_pin rise edge)
                                                      0.000     0.000 r  
    W5                                                0.000     0.000 r  Clk (IN)
                         net (fo=0)                   0.000     0.000    Clk
    W5                   IBUF (Prop_ibuf_I_O)         0.414     0.414 r  Clk_IBUF_inst/O
                         net (fo=1, routed)           0.685     1.099    Clk_IBUF
    BUFGCTRL_X0Y0        BUFG (Prop_bufg_I_O)         0.029     1.128 r  Clk_IBUF_BUFG_inst/O
                         net (fo=34, routed)          0.859     1.986    Slow_Clock/Clk_IBUF_BUFG
    SLICE_X62Y33         FDRE                                         r  Slow_Clock/count_reg[15]/C
                         clock pessimism             -0.513     1.473    
    SLICE_X62Y33         FDRE (Hold_fdre_C_D)         0.105     1.578    Slow_Clock/count_reg[15]
  -------------------------------------------------------------------
                         required time                         -1.578    
                         arrival time                           1.859    
  -------------------------------------------------------------------
                         slack                                  0.281    

Slack (MET) :             0.281ns  (arrival time - required time)
  Source:                 Slow_Clock/count_reg[19]/C
                            (rising edge-triggered cell FDRE clocked by sys_clk_pin  {rise@0.000ns fall@5.000ns period=10.000ns})
  Destination:            Slow_Clock/count_reg[19]/D
                            (rising edge-triggered cell FDRE clocked by sys_clk_pin  {rise@0.000ns fall@5.000ns period=10.000ns})
  Path Group:             sys_clk_pin
  Path Type:              Hold (Min at Fast Process Corner)
  Requirement:            0.000ns  (sys_clk_pin rise@0.000ns - sys_clk_pin rise@0.000ns)
  Data Path Delay:        0.386ns  (logic 0.252ns (65.354%)  route 0.134ns (34.646%))
  Logic Levels:           1  (CARRY4=1)
  Clock Path Skew:        0.000ns (DCD - SCD - CPR)
    Destination Clock Delay (DCD):    1.987ns
    Source Clock Delay      (SCD):    1.474ns
    Clock Pessimism Removal (CPR):    0.513ns

    Location             Delay type                Incr(ns)  Path(ns)    Netlist Resource(s)
  -------------------------------------------------------------------    -------------------
                         (clock sys_clk_pin rise edge)
                                                      0.000     0.000 r  
    W5                                                0.000     0.000 r  Clk (IN)
                         net (fo=0)                   0.000     0.000    Clk
    W5                   IBUF (Prop_ibuf_I_O)         0.226     0.226 r  Clk_IBUF_inst/O
                         net (fo=1, routed)           0.631     0.858    Clk_IBUF
    BUFGCTRL_X0Y0        BUFG (Prop_bufg_I_O)         0.026     0.884 r  Clk_IBUF_BUFG_inst/O
                         net (fo=34, routed)          0.591     1.474    Slow_Clock/Clk_IBUF_BUFG
    SLICE_X62Y34         FDRE                                         r  Slow_Clock/count_reg[19]/C
  -------------------------------------------------------------------    -------------------
    SLICE_X62Y34         FDRE (Prop_fdre_C_Q)         0.141     1.615 r  Slow_Clock/count_reg[19]/Q
                         net (fo=2, routed)           0.134     1.749    Slow_Clock/count[19]
    SLICE_X62Y34         CARRY4 (Prop_carry4_S[2]_O[2])
                                                      0.111     1.860 r  Slow_Clock/count0_carry__3/O[2]
                         net (fo=1, routed)           0.000     1.860    Slow_Clock/data0[19]
    SLICE_X62Y34         FDRE                                         r  Slow_Clock/count_reg[19]/D
  -------------------------------------------------------------------    -------------------

                         (clock sys_clk_pin rise edge)
                                                      0.000     0.000 r  
    W5                                                0.000     0.000 r  Clk (IN)
                         net (fo=0)                   0.000     0.000    Clk
    W5                   IBUF (Prop_ibuf_I_O)         0.414     0.414 r  Clk_IBUF_inst/O
                         net (fo=1, routed)           0.685     1.099    Clk_IBUF
    BUFGCTRL_X0Y0        BUFG (Prop_bufg_I_O)         0.029     1.128 r  Clk_IBUF_BUFG_inst/O
                         net (fo=34, routed)          0.860     1.987    Slow_Clock/Clk_IBUF_BUFG
    SLICE_X62Y34         FDRE                                         r  Slow_Clock/count_reg[19]/C
                         clock pessimism             -0.513     1.474    
    SLICE_X62Y34         FDRE (Hold_fdre_C_D)         0.105     1.579    Slow_Clock/count_reg[19]
  -------------------------------------------------------------------
                         required time                         -1.579    
                         arrival time                           1.860    
  -------------------------------------------------------------------
                         slack                                  0.281    

Slack (MET) :             0.304ns  (arrival time - required time)
  Source:                 Slow_Clock/count_reg[0]/C
                            (rising edge-triggered cell FDRE clocked by sys_clk_pin  {rise@0.000ns fall@5.000ns period=10.000ns})
  Destination:            Slow_Clock/count_reg[1]/D
                            (rising edge-triggered cell FDRE clocked by sys_clk_pin  {rise@0.000ns fall@5.000ns period=10.000ns})
  Path Group:             sys_clk_pin
  Path Type:              Hold (Min at Fast Process Corner)
  Requirement:            0.000ns  (sys_clk_pin rise@0.000ns - sys_clk_pin rise@0.000ns)
  Data Path Delay:        0.422ns  (logic 0.288ns (68.221%)  route 0.134ns (31.779%))
  Logic Levels:           1  (CARRY4=1)
  Clock Path Skew:        0.013ns (DCD - SCD - CPR)
    Destination Clock Delay (DCD):    1.983ns
    Source Clock Delay      (SCD):    1.470ns
    Clock Pessimism Removal (CPR):    0.500ns

    Location             Delay type                Incr(ns)  Path(ns)    Netlist Resource(s)
  -------------------------------------------------------------------    -------------------
                         (clock sys_clk_pin rise edge)
                                                      0.000     0.000 r  
    W5                                                0.000     0.000 r  Clk (IN)
                         net (fo=0)                   0.000     0.000    Clk
    W5                   IBUF (Prop_ibuf_I_O)         0.226     0.226 r  Clk_IBUF_inst/O
                         net (fo=1, routed)           0.631     0.858    Clk_IBUF
    BUFGCTRL_X0Y0        BUFG (Prop_bufg_I_O)         0.026     0.884 r  Clk_IBUF_BUFG_inst/O
                         net (fo=34, routed)          0.587     1.470    Slow_Clock/Clk_IBUF_BUFG
    SLICE_X63Y30         FDRE                                         r  Slow_Clock/count_reg[0]/C
  -------------------------------------------------------------------    -------------------
    SLICE_X63Y30         FDRE (Prop_fdre_C_Q)         0.141     1.611 r  Slow_Clock/count_reg[0]/Q
                         net (fo=3, routed)           0.134     1.745    Slow_Clock/count[0]
    SLICE_X62Y30         CARRY4 (Prop_carry4_CYINIT_O[0])
                                                      0.147     1.892 r  Slow_Clock/count0_carry/O[0]
                         net (fo=1, routed)           0.000     1.892    Slow_Clock/data0[1]
    SLICE_X62Y30         FDRE                                         r  Slow_Clock/count_reg[1]/D
  -------------------------------------------------------------------    -------------------

                         (clock sys_clk_pin rise edge)
                                                      0.000     0.000 r  
    W5                                                0.000     0.000 r  Clk (IN)
                         net (fo=0)                   0.000     0.000    Clk
    W5                   IBUF (Prop_ibuf_I_O)         0.414     0.414 r  Clk_IBUF_inst/O
                         net (fo=1, routed)           0.685     1.099    Clk_IBUF
    BUFGCTRL_X0Y0        BUFG (Prop_bufg_I_O)         0.029     1.128 r  Clk_IBUF_BUFG_inst/O
                         net (fo=34, routed)          0.856     1.983    Slow_Clock/Clk_IBUF_BUFG
    SLICE_X62Y30         FDRE                                         r  Slow_Clock/count_reg[1]/C
                         clock pessimism             -0.500     1.483    
    SLICE_X62Y30         FDRE (Hold_fdre_C_D)         0.105     1.588    Slow_Clock/count_reg[1]
  -------------------------------------------------------------------
                         required time                         -1.588    
                         arrival time                           1.892    
  -------------------------------------------------------------------
                         slack                                  0.304    

Slack (MET) :             0.313ns  (arrival time - required time)
  Source:                 Slow_Clock/count_reg[23]/C
                            (rising edge-triggered cell FDRE clocked by sys_clk_pin  {rise@0.000ns fall@5.000ns period=10.000ns})
  Destination:            Slow_Clock/count_reg[24]/D
                            (rising edge-triggered cell FDRE clocked by sys_clk_pin  {rise@0.000ns fall@5.000ns period=10.000ns})
  Path Group:             sys_clk_pin
  Path Type:              Hold (Min at Fast Process Corner)
  Requirement:            0.000ns  (sys_clk_pin rise@0.000ns - sys_clk_pin rise@0.000ns)
  Data Path Delay:        0.418ns  (logic 0.285ns (68.253%)  route 0.133ns (31.747%))
  Logic Levels:           1  (CARRY4=1)
  Clock Path Skew:        0.000ns (DCD - SCD - CPR)
    Destination Clock Delay (DCD):    1.988ns
    Source Clock Delay      (SCD):    1.474ns
    Clock Pessimism Removal (CPR):    0.514ns

    Location             Delay type                Incr(ns)  Path(ns)    Netlist Resource(s)
  -------------------------------------------------------------------    -------------------
                         (clock sys_clk_pin rise edge)
                                                      0.000     0.000 r  
    W5                                                0.000     0.000 r  Clk (IN)
                         net (fo=0)                   0.000     0.000    Clk
    W5                   IBUF (Prop_ibuf_I_O)         0.226     0.226 r  Clk_IBUF_inst/O
                         net (fo=1, routed)           0.631     0.858    Clk_IBUF
    BUFGCTRL_X0Y0        BUFG (Prop_bufg_I_O)         0.026     0.884 r  Clk_IBUF_BUFG_inst/O
                         net (fo=34, routed)          0.591     1.474    Slow_Clock/Clk_IBUF_BUFG
    SLICE_X62Y35         FDRE                                         r  Slow_Clock/count_reg[23]/C
  -------------------------------------------------------------------    -------------------
    SLICE_X62Y35         FDRE (Prop_fdre_C_Q)         0.141     1.615 r  Slow_Clock/count_reg[23]/Q
                         net (fo=2, routed)           0.133     1.748    Slow_Clock/count[23]
    SLICE_X62Y35         CARRY4 (Prop_carry4_S[2]_O[3])
                                                      0.144     1.892 r  Slow_Clock/count0_carry__4/O[3]
                         net (fo=1, routed)           0.000     1.892    Slow_Clock/data0[24]
    SLICE_X62Y35         FDRE                                         r  Slow_Clock/count_reg[24]/D
  -------------------------------------------------------------------    -------------------

                         (clock sys_clk_pin rise edge)
                                                      0.000     0.000 r  
    W5                                                0.000     0.000 r  Clk (IN)
                         net (fo=0)                   0.000     0.000    Clk
    W5                   IBUF (Prop_ibuf_I_O)         0.414     0.414 r  Clk_IBUF_inst/O
                         net (fo=1, routed)           0.685     1.099    Clk_IBUF
    BUFGCTRL_X0Y0        BUFG (Prop_bufg_I_O)         0.029     1.128 r  Clk_IBUF_BUFG_inst/O
                         net (fo=34, routed)          0.861     1.988    Slow_Clock/Clk_IBUF_BUFG
    SLICE_X62Y35         FDRE                                         r  Slow_Clock/count_reg[24]/C
                         clock pessimism             -0.514     1.474    
    SLICE_X62Y35         FDRE (Hold_fdre_C_D)         0.105     1.579    Slow_Clock/count_reg[24]
  -------------------------------------------------------------------
                         required time                         -1.579    
                         arrival time                           1.892    
  -------------------------------------------------------------------
                         slack                                  0.313    

Slack (MET) :             0.313ns  (arrival time - required time)
  Source:                 Slow_Clock/count_reg[27]/C
                            (rising edge-triggered cell FDRE clocked by sys_clk_pin  {rise@0.000ns fall@5.000ns period=10.000ns})
  Destination:            Slow_Clock/count_reg[28]/D
                            (rising edge-triggered cell FDRE clocked by sys_clk_pin  {rise@0.000ns fall@5.000ns period=10.000ns})
  Path Group:             sys_clk_pin
  Path Type:              Hold (Min at Fast Process Corner)
  Requirement:            0.000ns  (sys_clk_pin rise@0.000ns - sys_clk_pin rise@0.000ns)
  Data Path Delay:        0.418ns  (logic 0.285ns (68.253%)  route 0.133ns (31.747%))
  Logic Levels:           1  (CARRY4=1)
  Clock Path Skew:        0.000ns (DCD - SCD - CPR)
    Destination Clock Delay (DCD):    1.988ns
    Source Clock Delay      (SCD):    1.474ns
    Clock Pessimism Removal (CPR):    0.514ns

    Location             Delay type                Incr(ns)  Path(ns)    Netlist Resource(s)
  -------------------------------------------------------------------    -------------------
                         (clock sys_clk_pin rise edge)
                                                      0.000     0.000 r  
    W5                                                0.000     0.000 r  Clk (IN)
                         net (fo=0)                   0.000     0.000    Clk
    W5                   IBUF (Prop_ibuf_I_O)         0.226     0.226 r  Clk_IBUF_inst/O
                         net (fo=1, routed)           0.631     0.858    Clk_IBUF
    BUFGCTRL_X0Y0        BUFG (Prop_bufg_I_O)         0.026     0.884 r  Clk_IBUF_BUFG_inst/O
                         net (fo=34, routed)          0.591     1.474    Slow_Clock/Clk_IBUF_BUFG
    SLICE_X62Y36         FDRE                                         r  Slow_Clock/count_reg[27]/C
  -------------------------------------------------------------------    -------------------
    SLICE_X62Y36         FDRE (Prop_fdre_C_Q)         0.141     1.615 r  Slow_Clock/count_reg[27]/Q
                         net (fo=2, routed)           0.133     1.748    Slow_Clock/count[27]
    SLICE_X62Y36         CARRY4 (Prop_carry4_S[2]_O[3])
                                                      0.144     1.892 r  Slow_Clock/count0_carry__5/O[3]
                         net (fo=1, routed)           0.000     1.892    Slow_Clock/data0[28]
    SLICE_X62Y36         FDRE                                         r  Slow_Clock/count_reg[28]/D
  -------------------------------------------------------------------    -------------------

                         (clock sys_clk_pin rise edge)
                                                      0.000     0.000 r  
    W5                                                0.000     0.000 r  Clk (IN)
                         net (fo=0)                   0.000     0.000    Clk
    W5                   IBUF (Prop_ibuf_I_O)         0.414     0.414 r  Clk_IBUF_inst/O
                         net (fo=1, routed)           0.685     1.099    Clk_IBUF
    BUFGCTRL_X0Y0        BUFG (Prop_bufg_I_O)         0.029     1.128 r  Clk_IBUF_BUFG_inst/O
                         net (fo=34, routed)          0.861     1.988    Slow_Clock/Clk_IBUF_BUFG
    SLICE_X62Y36         FDRE                                         r  Slow_Clock/count_reg[28]/C
                         clock pessimism             -0.514     1.474    
    SLICE_X62Y36         FDRE (Hold_fdre_C_D)         0.105     1.579    Slow_Clock/count_reg[28]
  -------------------------------------------------------------------
                         required time                         -1.579    
                         arrival time                           1.892    
  -------------------------------------------------------------------
                         slack                                  0.313    





Pulse Width Checks
--------------------------------------------------------------------------------------
Clock Name:         sys_clk_pin
Waveform(ns):       { 0.000 5.000 }
Period(ns):         10.000
Sources:            { Clk }

Check Type        Corner  Lib Pin  Reference Pin  Required(ns)  Actual(ns)  Slack(ns)  Location       Pin
Min Period        n/a     BUFG/I   n/a            2.155         10.000      7.845      BUFGCTRL_X0Y0  Clk_IBUF_BUFG_inst/I
Min Period        n/a     FDRE/C   n/a            1.000         10.000      9.000      SLICE_X63Y36   Slow_Clock/Clk_out_reg/C
Min Period        n/a     FDRE/C   n/a            1.000         10.000      9.000      SLICE_X63Y36   Slow_Clock/clk_status_reg/C
Min Period        n/a     FDRE/C   n/a            1.000         10.000      9.000      SLICE_X63Y30   Slow_Clock/count_reg[0]/C
Min Period        n/a     FDRE/C   n/a            1.000         10.000      9.000      SLICE_X62Y32   Slow_Clock/count_reg[10]/C
Min Period        n/a     FDRE/C   n/a            1.000         10.000      9.000      SLICE_X62Y32   Slow_Clock/count_reg[11]/C
Min Period        n/a     FDRE/C   n/a            1.000         10.000      9.000      SLICE_X62Y32   Slow_Clock/count_reg[12]/C
Min Period        n/a     FDRE/C   n/a            1.000         10.000      9.000      SLICE_X62Y33   Slow_Clock/count_reg[13]/C
Min Period        n/a     FDRE/C   n/a            1.000         10.000      9.000      SLICE_X62Y33   Slow_Clock/count_reg[14]/C
Min Period        n/a     FDRE/C   n/a            1.000         10.000      9.000      SLICE_X62Y33   Slow_Clock/count_reg[15]/C
Low Pulse Width   Fast    FDRE/C   n/a            0.500         5.000       4.500      SLICE_X63Y36   Slow_Clock/Clk_out_reg/C
Low Pulse Width   Fast    FDRE/C   n/a            0.500         5.000       4.500      SLICE_X63Y36   Slow_Clock/clk_status_reg/C
Low Pulse Width   Slow    FDRE/C   n/a            0.500         5.000       4.500      SLICE_X63Y30   Slow_Clock/count_reg[0]/C
Low Pulse Width   Fast    FDRE/C   n/a            0.500         5.000       4.500      SLICE_X62Y33   Slow_Clock/count_reg[13]/C
Low Pulse Width   Fast    FDRE/C   n/a            0.500         5.000       4.500      SLICE_X62Y33   Slow_Clock/count_reg[14]/C
Low Pulse Width   Fast    FDRE/C   n/a            0.500         5.000       4.500      SLICE_X62Y33   Slow_Clock/count_reg[15]/C
Low Pulse Width   Fast    FDRE/C   n/a            0.500         5.000       4.500      SLICE_X62Y33   Slow_Clock/count_reg[16]/C
Low Pulse Width   Fast    FDRE/C   n/a            0.500         5.000       4.500      SLICE_X62Y34   Slow_Clock/count_reg[17]/C
Low Pulse Width   Fast    FDRE/C   n/a            0.500         5.000       4.500      SLICE_X62Y34   Slow_Clock/count_reg[18]/C
Low Pulse Width   Fast    FDRE/C   n/a            0.500         5.000       4.500      SLICE_X62Y34   Slow_Clock/count_reg[19]/C
High Pulse Width  Slow    FDRE/C   n/a            0.500         5.000       4.500      SLICE_X62Y32   Slow_Clock/count_reg[10]/C
High Pulse Width  Slow    FDRE/C   n/a            0.500         5.000       4.500      SLICE_X62Y32   Slow_Clock/count_reg[11]/C
High Pulse Width  Slow    FDRE/C   n/a            0.500         5.000       4.500      SLICE_X62Y32   Slow_Clock/count_reg[12]/C
High Pulse Width  Slow    FDRE/C   n/a            0.500         5.000       4.500      SLICE_X62Y33   Slow_Clock/count_reg[13]/C
High Pulse Width  Fast    FDRE/C   n/a            0.500         5.000       4.500      SLICE_X62Y33   Slow_Clock/count_reg[13]/C
High Pulse Width  Slow    FDRE/C   n/a            0.500         5.000       4.500      SLICE_X62Y33   Slow_Clock/count_reg[14]/C
High Pulse Width  Fast    FDRE/C   n/a            0.500         5.000       4.500      SLICE_X62Y33   Slow_Clock/count_reg[14]/C
High Pulse Width  Slow    FDRE/C   n/a            0.500         5.000       4.500      SLICE_X62Y33   Slow_Clock/count_reg[15]/C
High Pulse Width  Fast    FDRE/C   n/a            0.500         5.000       4.500      SLICE_X62Y33   Slow_Clock/count_reg[15]/C
High Pulse Width  Slow    FDRE/C   n/a            0.500         5.000       4.500      SLICE_X62Y33   Slow_Clock/count_reg[16]/C



